{"/Users/desimiramitkova/Projects/etherlime/packages/etherlime/cli.js":{"path":"/Users/desimiramitkova/Projects/etherlime/packages/etherlime/cli.js","statementMap":{"0":{"start":{"line":2,"column":17},"end":{"line":2,"column":51}},"1":{"start":{"line":3,"column":17},"end":{"line":3,"column":41}},"2":{"start":{"line":4,"column":32},"end":{"line":4,"column":58}},"3":{"start":{"line":6,"column":0},"end":{"line":47,"column":2}},"4":{"start":{"line":8,"column":12},"end":{"line":8,"column":28}},"5":{"start":{"line":9,"column":1},"end":{"line":11,"column":2}},"6":{"start":{"line":10,"column":2},"end":{"line":10,"column":107}},"7":{"start":{"line":12,"column":1},"end":{"line":25,"column":4}},"8":{"start":{"line":15,"column":3},"end":{"line":23,"column":6}},"9":{"start":{"line":16,"column":4},"end":{"line":19,"column":5}},"10":{"start":{"line":17,"column":5},"end":{"line":17,"column":47}},"11":{"start":{"line":18,"column":5},"end":{"line":18,"column":12}},"12":{"start":{"line":21,"column":4},"end":{"line":21,"column":29}},"13":{"start":{"line":22,"column":4},"end":{"line":22,"column":31}},"14":{"start":{"line":27,"column":1},"end":{"line":27,"column":19}},"15":{"start":{"line":28,"column":1},"end":{"line":31,"column":4}},"16":{"start":{"line":32,"column":1},"end":{"line":32,"column":16}},"17":{"start":{"line":33,"column":1},"end":{"line":33,"column":22}},"18":{"start":{"line":34,"column":1},"end":{"line":34,"column":26}},"19":{"start":{"line":35,"column":1},"end":{"line":35,"column":23}},"20":{"start":{"line":36,"column":1},"end":{"line":36,"column":11}},"21":{"start":{"line":38,"column":1},"end":{"line":41,"column":3}},"22":{"start":{"line":39,"column":2},"end":{"line":39,"column":79}},"23":{"start":{"line":40,"column":2},"end":{"line":40,"column":26}},"24":{"start":{"line":43,"column":1},"end":{"line":46,"column":3}},"25":{"start":{"line":44,"column":2},"end":{"line":44,"column":79}},"26":{"start":{"line":45,"column":2},"end":{"line":45,"column":26}},"27":{"start":{"line":49,"column":0},"end":{"line":49,"column":6}}},"fnMap":{"0":{"name":"(anonymous_0)","decl":{"start":{"line":6,"column":6},"end":{"line":6,"column":7}},"loc":{"start":{"line":6,"column":12},"end":{"line":47,"column":1}},"line":6},"1":{"name":"(anonymous_1)","decl":{"start":{"line":14,"column":2},"end":{"line":14,"column":3}},"loc":{"start":{"line":14,"column":16},"end":{"line":24,"column":3}},"line":14},"2":{"name":"(anonymous_2)","decl":{"start":{"line":15,"column":30},"end":{"line":15,"column":31}},"loc":{"start":{"line":15,"column":55},"end":{"line":23,"column":4}},"line":15},"3":{"name":"(anonymous_3)","decl":{"start":{"line":38,"column":41},"end":{"line":38,"column":42}},"loc":{"start":{"line":38,"column":48},"end":{"line":41,"column":2}},"line":38},"4":{"name":"(anonymous_4)","decl":{"start":{"line":43,"column":41},"end":{"line":43,"column":42}},"loc":{"start":{"line":43,"column":48},"end":{"line":46,"column":2}},"line":43}},"branchMap":{"0":{"loc":{"start":{"line":16,"column":4},"end":{"line":19,"column":5}},"type":"if","locations":[{"start":{"line":16,"column":4},"end":{"line":19,"column":5}},{"start":{"line":16,"column":4},"end":{"line":19,"column":5}}],"line":16}},"s":{"0":1,"1":1,"2":1,"3":1,"4":1,"5":1,"6":13,"7":1,"8":0,"9":0,"10":0,"11":0,"12":0,"13":0,"14":1,"15":1,"16":1,"17":1,"18":1,"19":1,"20":1,"21":1,"22":0,"23":0,"24":1,"25":0,"26":0,"27":1},"f":{"0":1,"1":0,"2":0,"3":0,"4":0},"b":{"0":[0,0]},"_coverageSchema":"43e27e138ebf9cfc5966b082cf9a028302ed4184","hash":"810a182cb04c4026d944ed9f2c032f9212d8d9c6","contentHash":"a102b4a9da5735911b613df48cd2e58718529676c3be752b7c959764798dc432"},"/Users/desimiramitkova/Projects/etherlime/packages/etherlime/cli-commands/commands.js":{"path":"/Users/desimiramitkova/Projects/etherlime/packages/etherlime/cli-commands/commands.js","statementMap":{"0":{"start":{"line":1,"column":16},"end":{"line":1,"column":44}},"1":{"start":{"line":2,"column":13},"end":{"line":2,"column":35}},"2":{"start":{"line":3,"column":17},"end":{"line":3,"column":47}},"3":{"start":{"line":4,"column":16},"end":{"line":4,"column":44}},"4":{"start":{"line":5,"column":17},"end":{"line":5,"column":47}},"5":{"start":{"line":6,"column":13},"end":{"line":6,"column":45}},"6":{"start":{"line":7,"column":14},"end":{"line":7,"column":38}},"7":{"start":{"line":8,"column":15},"end":{"line":8,"column":67}},"8":{"start":{"line":9,"column":21},"end":{"line":9,"column":47}},"9":{"start":{"line":10,"column":20},"end":{"line":10,"column":44}},"10":{"start":{"line":11,"column":14},"end":{"line":11,"column":41}},"11":{"start":{"line":12,"column":16},"end":{"line":12,"column":46}},"12":{"start":{"line":13,"column":23},"end":{"line":13,"column":60}},"13":{"start":{"line":14,"column":21},"end":{"line":14,"column":56}},"14":{"start":{"line":15,"column":22},"end":{"line":15,"column":58}},"15":{"start":{"line":16,"column":17},"end":{"line":16,"column":51}},"16":{"start":{"line":17,"column":23},"end":{"line":17,"column":60}},"17":{"start":{"line":18,"column":21},"end":{"line":18,"column":56}},"18":{"start":{"line":19,"column":12},"end":{"line":19,"column":52}},"19":{"start":{"line":21,"column":17},"end":{"line":547,"column":1}},"20":{"start":{"line":26,"column":3},"end":{"line":29,"column":6}},"21":{"start":{"line":31,"column":3},"end":{"line":36,"column":6}},"22":{"start":{"line":38,"column":3},"end":{"line":41,"column":6}},"23":{"start":{"line":43,"column":3},"end":{"line":46,"column":6}},"24":{"start":{"line":48,"column":3},"end":{"line":51,"column":6}},"25":{"start":{"line":53,"column":3},"end":{"line":56,"column":6}},"26":{"start":{"line":58,"column":3},"end":{"line":62,"column":6}},"27":{"start":{"line":66,"column":3},"end":{"line":68,"column":6}},"28":{"start":{"line":70,"column":3},"end":{"line":70,"column":44}},"29":{"start":{"line":72,"column":3},"end":{"line":78,"column":4}},"30":{"start":{"line":73,"column":4},"end":{"line":73,"column":103}},"31":{"start":{"line":75,"column":4},"end":{"line":75,"column":23}},"32":{"start":{"line":77,"column":4},"end":{"line":77,"column":33}},"33":{"start":{"line":85,"column":3},"end":{"line":90,"column":6}},"34":{"start":{"line":94,"column":3},"end":{"line":98,"column":6}},"35":{"start":{"line":101,"column":3},"end":{"line":103,"column":6}},"36":{"start":{"line":104,"column":3},"end":{"line":104,"column":44}},"37":{"start":{"line":106,"column":3},"end":{"line":112,"column":4}},"38":{"start":{"line":107,"column":4},"end":{"line":107,"column":28}},"39":{"start":{"line":109,"column":4},"end":{"line":109,"column":23}},"40":{"start":{"line":111,"column":4},"end":{"line":111,"column":33}},"41":{"start":{"line":119,"column":3},"end":{"line":122,"column":6}},"42":{"start":{"line":124,"column":3},"end":{"line":127,"column":6}},"43":{"start":{"line":129,"column":3},"end":{"line":132,"column":6}},"44":{"start":{"line":134,"column":3},"end":{"line":138,"column":6}},"45":{"start":{"line":140,"column":3},"end":{"line":143,"column":6}},"46":{"start":{"line":145,"column":3},"end":{"line":150,"column":6}},"47":{"start":{"line":153,"column":3},"end":{"line":153,"column":44}},"48":{"start":{"line":155,"column":3},"end":{"line":169,"column":4}},"49":{"start":{"line":156,"column":4},"end":{"line":156,"column":112}},"50":{"start":{"line":158,"column":4},"end":{"line":158,"column":23}},"51":{"start":{"line":160,"column":4},"end":{"line":160,"column":33}},"52":{"start":{"line":161,"column":23},"end":{"line":163,"column":5}},"53":{"start":{"line":164,"column":4},"end":{"line":164,"column":34}},"54":{"start":{"line":166,"column":4},"end":{"line":168,"column":7}},"55":{"start":{"line":176,"column":3},"end":{"line":180,"column":6}},"56":{"start":{"line":182,"column":3},"end":{"line":187,"column":6}},"57":{"start":{"line":190,"column":3},"end":{"line":192,"column":6}},"58":{"start":{"line":193,"column":3},"end":{"line":193,"column":44}},"59":{"start":{"line":195,"column":3},"end":{"line":201,"column":4}},"60":{"start":{"line":196,"column":4},"end":{"line":196,"column":47}},"61":{"start":{"line":198,"column":4},"end":{"line":198,"column":23}},"62":{"start":{"line":200,"column":4},"end":{"line":200,"column":33}},"63":{"start":{"line":208,"column":3},"end":{"line":212,"column":6}},"64":{"start":{"line":214,"column":3},"end":{"line":217,"column":6}},"65":{"start":{"line":219,"column":3},"end":{"line":222,"column":6}},"66":{"start":{"line":224,"column":3},"end":{"line":228,"column":6}},"67":{"start":{"line":230,"column":3},"end":{"line":233,"column":6}},"68":{"start":{"line":235,"column":3},"end":{"line":239,"column":6}},"69":{"start":{"line":241,"column":3},"end":{"line":245,"column":6}},"70":{"start":{"line":247,"column":3},"end":{"line":252,"column":6}},"71":{"start":{"line":254,"column":3},"end":{"line":257,"column":6}},"72":{"start":{"line":259,"column":3},"end":{"line":262,"column":6}},"73":{"start":{"line":265,"column":3},"end":{"line":267,"column":6}},"74":{"start":{"line":268,"column":3},"end":{"line":268,"column":44}},"75":{"start":{"line":270,"column":3},"end":{"line":276,"column":4}},"76":{"start":{"line":271,"column":4},"end":{"line":271,"column":152}},"77":{"start":{"line":273,"column":4},"end":{"line":273,"column":23}},"78":{"start":{"line":275,"column":4},"end":{"line":275,"column":33}},"79":{"start":{"line":283,"column":3},"end":{"line":287,"column":6}},"80":{"start":{"line":289,"column":3},"end":{"line":293,"column":6}},"81":{"start":{"line":295,"column":3},"end":{"line":299,"column":6}},"82":{"start":{"line":301,"column":3},"end":{"line":304,"column":6}},"83":{"start":{"line":306,"column":3},"end":{"line":309,"column":6}},"84":{"start":{"line":311,"column":3},"end":{"line":316,"column":6}},"85":{"start":{"line":318,"column":3},"end":{"line":322,"column":6}},"86":{"start":{"line":324,"column":3},"end":{"line":328,"column":6}},"87":{"start":{"line":331,"column":3},"end":{"line":333,"column":6}},"88":{"start":{"line":334,"column":3},"end":{"line":334,"column":44}},"89":{"start":{"line":336,"column":3},"end":{"line":342,"column":4}},"90":{"start":{"line":337,"column":4},"end":{"line":337,"column":111}},"91":{"start":{"line":339,"column":4},"end":{"line":339,"column":23}},"92":{"start":{"line":341,"column":4},"end":{"line":341,"column":33}},"93":{"start":{"line":349,"column":3},"end":{"line":353,"column":6}},"94":{"start":{"line":355,"column":3},"end":{"line":359,"column":6}},"95":{"start":{"line":361,"column":3},"end":{"line":364,"column":6}},"96":{"start":{"line":366,"column":3},"end":{"line":369,"column":6}},"97":{"start":{"line":371,"column":3},"end":{"line":375,"column":6}},"98":{"start":{"line":377,"column":3},"end":{"line":381,"column":6}},"99":{"start":{"line":383,"column":3},"end":{"line":387,"column":6}},"100":{"start":{"line":389,"column":3},"end":{"line":393,"column":6}},"101":{"start":{"line":397,"column":3},"end":{"line":399,"column":6}},"102":{"start":{"line":400,"column":3},"end":{"line":407,"column":4}},"103":{"start":{"line":401,"column":4},"end":{"line":401,"column":147}},"104":{"start":{"line":403,"column":4},"end":{"line":403,"column":21}},"105":{"start":{"line":404,"column":4},"end":{"line":404,"column":27}},"106":{"start":{"line":406,"column":4},"end":{"line":406,"column":33}},"107":{"start":{"line":415,"column":3},"end":{"line":418,"column":5}},"108":{"start":{"line":420,"column":3},"end":{"line":424,"column":5}},"109":{"start":{"line":427,"column":3},"end":{"line":429,"column":6}},"110":{"start":{"line":430,"column":3},"end":{"line":436,"column":4}},"111":{"start":{"line":431,"column":4},"end":{"line":431,"column":52}},"112":{"start":{"line":433,"column":4},"end":{"line":433,"column":23}},"113":{"start":{"line":435,"column":4},"end":{"line":435,"column":33}},"114":{"start":{"line":444,"column":3},"end":{"line":447,"column":5}},"115":{"start":{"line":450,"column":3},"end":{"line":452,"column":6}},"116":{"start":{"line":454,"column":3},"end":{"line":454,"column":44}},"117":{"start":{"line":456,"column":3},"end":{"line":462,"column":4}},"118":{"start":{"line":457,"column":4},"end":{"line":457,"column":25}},"119":{"start":{"line":459,"column":4},"end":{"line":459,"column":23}},"120":{"start":{"line":461,"column":4},"end":{"line":461,"column":33}},"121":{"start":{"line":471,"column":3},"end":{"line":473,"column":6}},"122":{"start":{"line":475,"column":3},"end":{"line":481,"column":4}},"123":{"start":{"line":476,"column":4},"end":{"line":476,"column":30}},"124":{"start":{"line":478,"column":4},"end":{"line":478,"column":23}},"125":{"start":{"line":480,"column":4},"end":{"line":480,"column":33}},"126":{"start":{"line":488,"column":3},"end":{"line":491,"column":6}},"127":{"start":{"line":493,"column":3},"end":{"line":496,"column":6}},"128":{"start":{"line":499,"column":3},"end":{"line":505,"column":4}},"129":{"start":{"line":500,"column":4},"end":{"line":500,"column":51}},"130":{"start":{"line":502,"column":4},"end":{"line":502,"column":23}},"131":{"start":{"line":504,"column":4},"end":{"line":504,"column":33}},"132":{"start":{"line":512,"column":3},"end":{"line":515,"column":6}},"133":{"start":{"line":518,"column":3},"end":{"line":524,"column":4}},"134":{"start":{"line":519,"column":4},"end":{"line":519,"column":29}},"135":{"start":{"line":521,"column":4},"end":{"line":521,"column":23}},"136":{"start":{"line":523,"column":4},"end":{"line":523,"column":33}},"137":{"start":{"line":531,"column":3},"end":{"line":535,"column":6}},"138":{"start":{"line":538,"column":3},"end":{"line":544,"column":4}},"139":{"start":{"line":539,"column":4},"end":{"line":539,"column":35}},"140":{"start":{"line":541,"column":4},"end":{"line":541,"column":23}},"141":{"start":{"line":543,"column":4},"end":{"line":543,"column":33}},"142":{"start":{"line":549,"column":27},"end":{"line":609,"column":1}},"143":{"start":{"line":552,"column":14},"end":{"line":552,"column":26}},"144":{"start":{"line":553,"column":15},"end":{"line":553,"column":29}},"145":{"start":{"line":554,"column":18},"end":{"line":554,"column":44}},"146":{"start":{"line":555,"column":21},"end":{"line":555,"column":50}},"147":{"start":{"line":556,"column":13},"end":{"line":556,"column":33}},"148":{"start":{"line":557,"column":19},"end":{"line":557,"column":50}},"149":{"start":{"line":561,"column":1},"end":{"line":608,"column":2}},"150":{"start":{"line":563,"column":2},"end":{"line":563,"column":29}},"151":{"start":{"line":564,"column":3},"end":{"line":564,"column":9}},"152":{"start":{"line":566,"column":3},"end":{"line":566,"column":28}},"153":{"start":{"line":567,"column":3},"end":{"line":567,"column":9}},"154":{"start":{"line":569,"column":3},"end":{"line":571,"column":4}},"155":{"start":{"line":570,"column":4},"end":{"line":570,"column":25}},"156":{"start":{"line":572,"column":3},"end":{"line":574,"column":4}},"157":{"start":{"line":573,"column":4},"end":{"line":573,"column":27}},"158":{"start":{"line":575,"column":3},"end":{"line":577,"column":4}},"159":{"start":{"line":576,"column":4},"end":{"line":576,"column":33}},"160":{"start":{"line":578,"column":3},"end":{"line":578,"column":56}},"161":{"start":{"line":579,"column":3},"end":{"line":579,"column":9}},"162":{"start":{"line":581,"column":3},"end":{"line":583,"column":4}},"163":{"start":{"line":582,"column":4},"end":{"line":582,"column":39}},"164":{"start":{"line":584,"column":3},"end":{"line":586,"column":4}},"165":{"start":{"line":585,"column":4},"end":{"line":585,"column":23}},"166":{"start":{"line":587,"column":3},"end":{"line":589,"column":4}},"167":{"start":{"line":588,"column":4},"end":{"line":588,"column":35}},"168":{"start":{"line":591,"column":3},"end":{"line":591,"column":57}},"169":{"start":{"line":592,"column":3},"end":{"line":592,"column":9}},"170":{"start":{"line":594,"column":3},"end":{"line":596,"column":4}},"171":{"start":{"line":595,"column":4},"end":{"line":595,"column":35}},"172":{"start":{"line":597,"column":3},"end":{"line":597,"column":41}},"173":{"start":{"line":598,"column":3},"end":{"line":598,"column":9}},"174":{"start":{"line":600,"column":3},"end":{"line":602,"column":4}},"175":{"start":{"line":601,"column":4},"end":{"line":601,"column":39}},"176":{"start":{"line":603,"column":3},"end":{"line":605,"column":4}},"177":{"start":{"line":604,"column":4},"end":{"line":604,"column":23}},"178":{"start":{"line":606,"column":3},"end":{"line":606,"column":48}},"179":{"start":{"line":607,"column":3},"end":{"line":607,"column":9}},"180":{"start":{"line":611,"column":0},"end":{"line":611,"column":26}}},"fnMap":{"0":{"name":"(anonymous_0)","decl":{"start":{"line":25,"column":22},"end":{"line":25,"column":23}},"loc":{"start":{"line":25,"column":33},"end":{"line":64,"column":3}},"line":25},"1":{"name":"(anonymous_1)","decl":{"start":{"line":65,"column":20},"end":{"line":65,"column":21}},"loc":{"start":{"line":65,"column":30},"end":{"line":79,"column":3}},"line":65},"2":{"name":"(anonymous_2)","decl":{"start":{"line":84,"column":22},"end":{"line":84,"column":23}},"loc":{"start":{"line":84,"column":33},"end":{"line":91,"column":3}},"line":84},"3":{"name":"(anonymous_3)","decl":{"start":{"line":93,"column":22},"end":{"line":93,"column":23}},"loc":{"start":{"line":93,"column":33},"end":{"line":99,"column":3}},"line":93},"4":{"name":"(anonymous_4)","decl":{"start":{"line":100,"column":20},"end":{"line":100,"column":21}},"loc":{"start":{"line":100,"column":36},"end":{"line":113,"column":3}},"line":100},"5":{"name":"(anonymous_5)","decl":{"start":{"line":118,"column":22},"end":{"line":118,"column":23}},"loc":{"start":{"line":118,"column":33},"end":{"line":151,"column":3}},"line":118},"6":{"name":"(anonymous_6)","decl":{"start":{"line":152,"column":20},"end":{"line":152,"column":21}},"loc":{"start":{"line":152,"column":36},"end":{"line":170,"column":3}},"line":152},"7":{"name":"(anonymous_7)","decl":{"start":{"line":175,"column":22},"end":{"line":175,"column":23}},"loc":{"start":{"line":175,"column":33},"end":{"line":188,"column":3}},"line":175},"8":{"name":"(anonymous_8)","decl":{"start":{"line":189,"column":20},"end":{"line":189,"column":21}},"loc":{"start":{"line":189,"column":36},"end":{"line":202,"column":3}},"line":189},"9":{"name":"(anonymous_9)","decl":{"start":{"line":207,"column":22},"end":{"line":207,"column":23}},"loc":{"start":{"line":207,"column":33},"end":{"line":263,"column":3}},"line":207},"10":{"name":"(anonymous_10)","decl":{"start":{"line":264,"column":20},"end":{"line":264,"column":21}},"loc":{"start":{"line":264,"column":36},"end":{"line":277,"column":3}},"line":264},"11":{"name":"(anonymous_11)","decl":{"start":{"line":282,"column":22},"end":{"line":282,"column":23}},"loc":{"start":{"line":282,"column":33},"end":{"line":329,"column":3}},"line":282},"12":{"name":"(anonymous_12)","decl":{"start":{"line":330,"column":20},"end":{"line":330,"column":21}},"loc":{"start":{"line":330,"column":36},"end":{"line":343,"column":3}},"line":330},"13":{"name":"(anonymous_13)","decl":{"start":{"line":348,"column":22},"end":{"line":348,"column":23}},"loc":{"start":{"line":348,"column":33},"end":{"line":395,"column":3}},"line":348},"14":{"name":"(anonymous_14)","decl":{"start":{"line":396,"column":20},"end":{"line":396,"column":21}},"loc":{"start":{"line":396,"column":36},"end":{"line":409,"column":3}},"line":396},"15":{"name":"(anonymous_15)","decl":{"start":{"line":414,"column":22},"end":{"line":414,"column":23}},"loc":{"start":{"line":414,"column":33},"end":{"line":425,"column":3}},"line":414},"16":{"name":"(anonymous_16)","decl":{"start":{"line":426,"column":20},"end":{"line":426,"column":21}},"loc":{"start":{"line":426,"column":36},"end":{"line":438,"column":3}},"line":426},"17":{"name":"(anonymous_17)","decl":{"start":{"line":443,"column":22},"end":{"line":443,"column":23}},"loc":{"start":{"line":443,"column":33},"end":{"line":448,"column":3}},"line":443},"18":{"name":"(anonymous_18)","decl":{"start":{"line":449,"column":20},"end":{"line":449,"column":21}},"loc":{"start":{"line":449,"column":30},"end":{"line":463,"column":3}},"line":449},"19":{"name":"(anonymous_19)","decl":{"start":{"line":468,"column":22},"end":{"line":468,"column":23}},"loc":{"start":{"line":468,"column":33},"end":{"line":469,"column":3}},"line":468},"20":{"name":"(anonymous_20)","decl":{"start":{"line":470,"column":20},"end":{"line":470,"column":21}},"loc":{"start":{"line":470,"column":30},"end":{"line":482,"column":3}},"line":470},"21":{"name":"(anonymous_21)","decl":{"start":{"line":487,"column":22},"end":{"line":487,"column":23}},"loc":{"start":{"line":487,"column":33},"end":{"line":497,"column":3}},"line":487},"22":{"name":"(anonymous_22)","decl":{"start":{"line":498,"column":20},"end":{"line":498,"column":21}},"loc":{"start":{"line":498,"column":36},"end":{"line":506,"column":3}},"line":498},"23":{"name":"(anonymous_23)","decl":{"start":{"line":511,"column":22},"end":{"line":511,"column":23}},"loc":{"start":{"line":511,"column":33},"end":{"line":516,"column":3}},"line":511},"24":{"name":"(anonymous_24)","decl":{"start":{"line":517,"column":20},"end":{"line":517,"column":21}},"loc":{"start":{"line":517,"column":36},"end":{"line":525,"column":3}},"line":517},"25":{"name":"(anonymous_25)","decl":{"start":{"line":530,"column":22},"end":{"line":530,"column":23}},"loc":{"start":{"line":530,"column":33},"end":{"line":536,"column":3}},"line":530},"26":{"name":"(anonymous_26)","decl":{"start":{"line":537,"column":20},"end":{"line":537,"column":21}},"loc":{"start":{"line":537,"column":36},"end":{"line":545,"column":3}},"line":537},"27":{"name":"(anonymous_27)","decl":{"start":{"line":549,"column":27},"end":{"line":549,"column":28}},"loc":{"start":{"line":549,"column":43},"end":{"line":609,"column":1}},"line":549}},"branchMap":{"0":{"loc":{"start":{"line":561,"column":1},"end":{"line":608,"column":2}},"type":"switch","locations":[{"start":{"line":562,"column":2},"end":{"line":564,"column":9}},{"start":{"line":565,"column":2},"end":{"line":567,"column":9}},{"start":{"line":568,"column":2},"end":{"line":579,"column":9}},{"start":{"line":580,"column":2},"end":{"line":592,"column":9}},{"start":{"line":593,"column":2},"end":{"line":598,"column":9}},{"start":{"line":599,"column":2},"end":{"line":607,"column":9}}],"line":561},"1":{"loc":{"start":{"line":569,"column":3},"end":{"line":571,"column":4}},"type":"if","locations":[{"start":{"line":569,"column":3},"end":{"line":571,"column":4}},{"start":{"line":569,"column":3},"end":{"line":571,"column":4}}],"line":569},"2":{"loc":{"start":{"line":572,"column":3},"end":{"line":574,"column":4}},"type":"if","locations":[{"start":{"line":572,"column":3},"end":{"line":574,"column":4}},{"start":{"line":572,"column":3},"end":{"line":574,"column":4}}],"line":572},"3":{"loc":{"start":{"line":575,"column":3},"end":{"line":577,"column":4}},"type":"if","locations":[{"start":{"line":575,"column":3},"end":{"line":577,"column":4}},{"start":{"line":575,"column":3},"end":{"line":577,"column":4}}],"line":575},"4":{"loc":{"start":{"line":581,"column":3},"end":{"line":583,"column":4}},"type":"if","locations":[{"start":{"line":581,"column":3},"end":{"line":583,"column":4}},{"start":{"line":581,"column":3},"end":{"line":583,"column":4}}],"line":581},"5":{"loc":{"start":{"line":584,"column":3},"end":{"line":586,"column":4}},"type":"if","locations":[{"start":{"line":584,"column":3},"end":{"line":586,"column":4}},{"start":{"line":584,"column":3},"end":{"line":586,"column":4}}],"line":584},"6":{"loc":{"start":{"line":587,"column":3},"end":{"line":589,"column":4}},"type":"if","locations":[{"start":{"line":587,"column":3},"end":{"line":589,"column":4}},{"start":{"line":587,"column":3},"end":{"line":589,"column":4}}],"line":587},"7":{"loc":{"start":{"line":594,"column":3},"end":{"line":596,"column":4}},"type":"if","locations":[{"start":{"line":594,"column":3},"end":{"line":596,"column":4}},{"start":{"line":594,"column":3},"end":{"line":596,"column":4}}],"line":594},"8":{"loc":{"start":{"line":600,"column":3},"end":{"line":602,"column":4}},"type":"if","locations":[{"start":{"line":600,"column":3},"end":{"line":602,"column":4}},{"start":{"line":600,"column":3},"end":{"line":602,"column":4}}],"line":600},"9":{"loc":{"start":{"line":603,"column":3},"end":{"line":605,"column":4}},"type":"if","locations":[{"start":{"line":603,"column":3},"end":{"line":605,"column":4}},{"start":{"line":603,"column":3},"end":{"line":605,"column":4}}],"line":603}},"s":{"0":1,"1":1,"2":1,"3":1,"4":1,"5":1,"6":1,"7":1,"8":1,"9":1,"10":1,"11":1,"12":1,"13":1,"14":1,"15":1,"16":1,"17":1,"18":1,"19":1,"20":0,"21":0,"22":0,"23":0,"24":0,"25":0,"26":0,"27":0,"28":0,"29":0,"30":0,"31":0,"32":0,"33":0,"34":1,"35":1,"36":1,"37":1,"38":1,"39":1,"40":1,"41":0,"42":0,"43":0,"44":0,"45":0,"46":0,"47":0,"48":0,"49":0,"50":0,"51":0,"52":0,"53":0,"54":0,"55":0,"56":0,"57":0,"58":0,"59":0,"60":0,"61":0,"62":0,"63":0,"64":0,"65":0,"66":0,"67":0,"68":0,"69":0,"70":0,"71":0,"72":0,"73":0,"74":0,"75":0,"76":0,"77":0,"78":0,"79":0,"80":0,"81":0,"82":0,"83":0,"84":0,"85":0,"86":0,"87":0,"88":0,"89":0,"90":0,"91":0,"92":0,"93":0,"94":0,"95":0,"96":0,"97":0,"98":0,"99":0,"100":0,"101":0,"102":0,"103":0,"104":0,"105":0,"106":0,"107":0,"108":0,"109":0,"110":0,"111":0,"112":0,"113":0,"114":0,"115":0,"116":0,"117":0,"118":0,"119":0,"120":0,"121":0,"122":0,"123":0,"124":0,"125":0,"126":0,"127":0,"128":0,"129":0,"130":0,"131":0,"132":0,"133":0,"134":0,"135":0,"136":0,"137":0,"138":0,"139":0,"140":0,"141":0,"142":1,"143":0,"144":0,"145":0,"146":0,"147":0,"148":0,"149":0,"150":0,"151":0,"152":0,"153":0,"154":0,"155":0,"156":0,"157":0,"158":0,"159":0,"160":0,"161":0,"162":0,"163":0,"164":0,"165":0,"166":0,"167":0,"168":0,"169":0,"170":0,"171":0,"172":0,"173":0,"174":0,"175":0,"176":0,"177":0,"178":0,"179":0,"180":1},"f":{"0":0,"1":0,"2":0,"3":1,"4":1,"5":0,"6":0,"7":0,"8":0,"9":0,"10":0,"11":0,"12":0,"13":0,"14":0,"15":0,"16":0,"17":0,"18":0,"19":0,"20":0,"21":0,"22":0,"23":0,"24":0,"25":0,"26":0,"27":0},"b":{"0":[0,0,0,0,0,0],"1":[0,0],"2":[0,0],"3":[0,0],"4":[0,0],"5":[0,0],"6":[0,0],"7":[0,0],"8":[0,0],"9":[0,0]},"_coverageSchema":"43e27e138ebf9cfc5966b082cf9a028302ed4184","hash":"94f88fafb67b4f7f4452a26c12aa71174d448e93","contentHash":"1bdbec2ac769b95432b3f1fe4e34a6f6a1aaaa192bd2bf9903ab25b54470047b"},"/Users/desimiramitkova/Projects/etherlime/packages/etherlime/cli-commands/ganache/ganache.js":{"path":"/Users/desimiramitkova/Projects/etherlime/packages/etherlime/cli-commands/ganache/ganache.js","statementMap":{"0":{"start":{"line":1,"column":16},"end":{"line":1,"column":38}},"1":{"start":{"line":2,"column":14},"end":{"line":2,"column":37}},"2":{"start":{"line":3,"column":29},"end":{"line":3,"column":74}},"3":{"start":{"line":4,"column":15},"end":{"line":4,"column":48}},"4":{"start":{"line":5,"column":15},"end":{"line":5,"column":68}},"5":{"start":{"line":6,"column":15},"end":{"line":6,"column":32}},"6":{"start":{"line":7,"column":11},"end":{"line":7,"column":24}},"7":{"start":{"line":8,"column":13},"end":{"line":8,"column":28}},"8":{"start":{"line":11,"column":12},"end":{"line":28,"column":1}},"9":{"start":{"line":12,"column":1},"end":{"line":14,"column":2}},"10":{"start":{"line":13,"column":2},"end":{"line":13,"column":39}},"11":{"start":{"line":15,"column":1},"end":{"line":15,"column":46}},"12":{"start":{"line":16,"column":1},"end":{"line":16,"column":53}},"13":{"start":{"line":17,"column":1},"end":{"line":17,"column":73}},"14":{"start":{"line":18,"column":1},"end":{"line":18,"column":73}},"15":{"start":{"line":19,"column":16},"end":{"line":25,"column":3}},"16":{"start":{"line":27,"column":1},"end":{"line":27,"column":50}},"17":{"start":{"line":29,"column":36},"end":{"line":43,"column":1}},"18":{"start":{"line":30,"column":1},"end":{"line":33,"column":2}},"19":{"start":{"line":31,"column":2},"end":{"line":31,"column":18}},"20":{"start":{"line":32,"column":2},"end":{"line":32,"column":9}},"21":{"start":{"line":34,"column":24},"end":{"line":34,"column":58}},"22":{"start":{"line":35,"column":23},"end":{"line":35,"column":46}},"23":{"start":{"line":36,"column":27},"end":{"line":36,"column":77}},"24":{"start":{"line":37,"column":1},"end":{"line":39,"column":2}},"25":{"start":{"line":37,"column":14},"end":{"line":37,"column":15}},"26":{"start":{"line":38,"column":2},"end":{"line":38,"column":152}},"27":{"start":{"line":40,"column":1},"end":{"line":40,"column":55}},"28":{"start":{"line":41,"column":1},"end":{"line":41,"column":118}},"29":{"start":{"line":42,"column":1},"end":{"line":42,"column":121}},"30":{"start":{"line":45,"column":25},"end":{"line":56,"column":1}},"31":{"start":{"line":48,"column":25},"end":{"line":48,"column":45}},"32":{"start":{"line":49,"column":1},"end":{"line":53,"column":2}},"33":{"start":{"line":49,"column":14},"end":{"line":49,"column":15}},"34":{"start":{"line":50,"column":13},"end":{"line":50,"column":34}},"35":{"start":{"line":51,"column":15},"end":{"line":51,"column":57}},"36":{"start":{"line":52,"column":2},"end":{"line":52,"column":115}},"37":{"start":{"line":54,"column":1},"end":{"line":54,"column":34}},"38":{"start":{"line":55,"column":1},"end":{"line":55,"column":97}},"39":{"start":{"line":58,"column":0},"end":{"line":61,"column":2}}},"fnMap":{"0":{"name":"(anonymous_0)","decl":{"start":{"line":11,"column":12},"end":{"line":11,"column":13}},"loc":{"start":{"line":11,"column":86},"end":{"line":28,"column":1}},"line":11},"1":{"name":"(anonymous_1)","decl":{"start":{"line":29,"column":36},"end":{"line":29,"column":37}},"loc":{"start":{"line":29,"column":57},"end":{"line":43,"column":1}},"line":29},"2":{"name":"(anonymous_2)","decl":{"start":{"line":45,"column":25},"end":{"line":45,"column":26}},"loc":{"start":{"line":45,"column":49},"end":{"line":56,"column":1}},"line":45}},"branchMap":{"0":{"loc":{"start":{"line":12,"column":1},"end":{"line":14,"column":2}},"type":"if","locations":[{"start":{"line":12,"column":1},"end":{"line":14,"column":2}},{"start":{"line":12,"column":1},"end":{"line":14,"column":2}}],"line":12},"1":{"loc":{"start":{"line":12,"column":5},"end":{"line":12,"column":25}},"type":"binary-expr","locations":[{"start":{"line":12,"column":5},"end":{"line":12,"column":13}},{"start":{"line":12,"column":17},"end":{"line":12,"column":25}}],"line":12},"2":{"loc":{"start":{"line":15,"column":8},"end":{"line":15,"column":45}},"type":"cond-expr","locations":[{"start":{"line":15,"column":19},"end":{"line":15,"column":25}},{"start":{"line":15,"column":28},"end":{"line":15,"column":45}}],"line":15},"3":{"loc":{"start":{"line":16,"column":8},"end":{"line":16,"column":52}},"type":"cond-expr","locations":[{"start":{"line":16,"column":23},"end":{"line":16,"column":33}},{"start":{"line":16,"column":36},"end":{"line":16,"column":52}}],"line":16},"4":{"loc":{"start":{"line":17,"column":12},"end":{"line":17,"column":72}},"type":"cond-expr","locations":[{"start":{"line":17,"column":25},"end":{"line":17,"column":55}},{"start":{"line":17,"column":58},"end":{"line":17,"column":72}}],"line":17},"5":{"loc":{"start":{"line":18,"column":12},"end":{"line":18,"column":72}},"type":"cond-expr","locations":[{"start":{"line":18,"column":25},"end":{"line":18,"column":55}},{"start":{"line":18,"column":58},"end":{"line":18,"column":72}}],"line":18},"6":{"loc":{"start":{"line":30,"column":1},"end":{"line":33,"column":2}},"type":"if","locations":[{"start":{"line":30,"column":1},"end":{"line":33,"column":2}},{"start":{"line":30,"column":1},"end":{"line":33,"column":2}}],"line":30},"7":{"loc":{"start":{"line":41,"column":1},"end":{"line":41,"column":117}},"type":"cond-expr","locations":[{"start":{"line":41,"column":17},"end":{"line":41,"column":110}},{"start":{"line":41,"column":113},"end":{"line":41,"column":117}}],"line":41},"8":{"loc":{"start":{"line":42,"column":1},"end":{"line":42,"column":120}},"type":"cond-expr","locations":[{"start":{"line":42,"column":21},"end":{"line":42,"column":113}},{"start":{"line":42,"column":116},"end":{"line":42,"column":120}}],"line":42}},"s":{"0":1,"1":1,"2":1,"3":1,"4":1,"5":1,"6":1,"7":1,"8":1,"9":0,"10":0,"11":0,"12":0,"13":0,"14":0,"15":0,"16":0,"17":1,"18":0,"19":0,"20":0,"21":0,"22":0,"23":0,"24":0,"25":0,"26":0,"27":0,"28":0,"29":0,"30":1,"31":0,"32":0,"33":0,"34":0,"35":0,"36":0,"37":0,"38":0,"39":1},"f":{"0":0,"1":0,"2":0},"b":{"0":[0,0],"1":[0,0],"2":[0,0],"3":[0,0],"4":[0,0],"5":[0,0],"6":[0,0],"7":[0,0],"8":[0,0]},"_coverageSchema":"43e27e138ebf9cfc5966b082cf9a028302ed4184","hash":"6f695d68a33aa2b05c9b13484f6801932c61c9dd","contentHash":"9d3e3480e15786b1be83fac27a0d85753eb9b5d6a61a06e3a606183043fc5d92"},"/Users/desimiramitkova/Projects/etherlime/packages/etherlime-utils/index.js":{"path":"/Users/desimiramitkova/Projects/etherlime/packages/etherlime-utils/index.js","statementMap":{"0":{"start":{"line":1,"column":18},"end":{"line":1,"column":60}},"1":{"start":{"line":2,"column":15},"end":{"line":2,"column":40}},"2":{"start":{"line":3,"column":24},"end":{"line":3,"column":73}},"3":{"start":{"line":4,"column":24},"end":{"line":4,"column":73}},"4":{"start":{"line":5,"column":24},"end":{"line":5,"column":84}},"5":{"start":{"line":6,"column":24},"end":{"line":6,"column":84}},"6":{"start":{"line":7,"column":23},"end":{"line":7,"column":70}},"7":{"start":{"line":8,"column":20},"end":{"line":8,"column":64}},"8":{"start":{"line":9,"column":17},"end":{"line":9,"column":57}},"9":{"start":{"line":10,"column":19},"end":{"line":10,"column":63}},"10":{"start":{"line":11,"column":17},"end":{"line":11,"column":57}},"11":{"start":{"line":12,"column":14},"end":{"line":12,"column":48}},"12":{"start":{"line":15,"column":0},"end":{"line":28,"column":1}}},"fnMap":{},"branchMap":{},"s":{"0":1,"1":1,"2":1,"3":1,"4":1,"5":1,"6":1,"7":1,"8":1,"9":1,"10":1,"11":1,"12":1},"f":{},"b":{},"_coverageSchema":"43e27e138ebf9cfc5966b082cf9a028302ed4184","hash":"1251358649946085b5dfdd739d688a12afd6a02a","contentHash":"bf7e8b94b9749f39c63fbad85f02f298446bb0c05d3ce8924ca74e4ffdeaadd7"},"/Users/desimiramitkova/Projects/etherlime/packages/etherlime-utils/utils/address-utils.js":{"path":"/Users/desimiramitkova/Projects/etherlime/packages/etherlime-utils/utils/address-utils.js","statementMap":{"0":{"start":{"line":1,"column":18},"end":{"line":7,"column":1}},"1":{"start":{"line":2,"column":1},"end":{"line":4,"column":2}},"2":{"start":{"line":3,"column":2},"end":{"line":3,"column":14}},"3":{"start":{"line":6,"column":1},"end":{"line":6,"column":13}},"4":{"start":{"line":9,"column":0},"end":{"line":11,"column":1}}},"fnMap":{"0":{"name":"(anonymous_0)","decl":{"start":{"line":1,"column":18},"end":{"line":1,"column":19}},"loc":{"start":{"line":1,"column":37},"end":{"line":7,"column":1}},"line":1}},"branchMap":{"0":{"loc":{"start":{"line":2,"column":1},"end":{"line":4,"column":2}},"type":"if","locations":[{"start":{"line":2,"column":1},"end":{"line":4,"column":2}},{"start":{"line":2,"column":1},"end":{"line":4,"column":2}}],"line":2},"1":{"loc":{"start":{"line":2,"column":5},"end":{"line":2,"column":75}},"type":"binary-expr","locations":[{"start":{"line":2,"column":5},"end":{"line":2,"column":34}},{"start":{"line":2,"column":38},"end":{"line":2,"column":75}}],"line":2}},"s":{"0":1,"1":0,"2":0,"3":0,"4":1},"f":{"0":0},"b":{"0":[0,0],"1":[0,0]},"_coverageSchema":"43e27e138ebf9cfc5966b082cf9a028302ed4184","hash":"82700285f0990f15de0e956adc175233fbafc113","contentHash":"c398e0f06a62211ed13bc05902cc07344a26877d2e5d08309cb9a1ff0184d13f"},"/Users/desimiramitkova/Projects/etherlime/packages/etherlime-utils/utils/colors.js":{"path":"/Users/desimiramitkova/Projects/etherlime/packages/etherlime-utils/utils/colors.js","statementMap":{"0":{"start":{"line":1,"column":14},"end":{"line":1,"column":30}},"1":{"start":{"line":3,"column":29},"end":{"line":3,"column":47}},"2":{"start":{"line":4,"column":20},"end":{"line":4,"column":32}},"3":{"start":{"line":5,"column":18},"end":{"line":5,"column":39}},"4":{"start":{"line":6,"column":21},"end":{"line":6,"column":37}},"5":{"start":{"line":7,"column":21},"end":{"line":7,"column":37}},"6":{"start":{"line":8,"column":21},"end":{"line":8,"column":35}},"7":{"start":{"line":9,"column":21},"end":{"line":9,"column":48}},"8":{"start":{"line":10,"column":20},"end":{"line":10,"column":47}},"9":{"start":{"line":11,"column":21},"end":{"line":11,"column":38}},"10":{"start":{"line":13,"column":0},"end":{"line":23,"column":1}}},"fnMap":{},"branchMap":{},"s":{"0":1,"1":1,"2":1,"3":1,"4":1,"5":1,"6":1,"7":1,"8":1,"9":1,"10":1},"f":{},"b":{},"_coverageSchema":"43e27e138ebf9cfc5966b082cf9a028302ed4184","hash":"efee2b602ce3076b088cbbc4f5ff81ce56e1889f","contentHash":"289b6fab79f2bd93a0040d7b1fddecd3ffc5b42574119820659cbc26ee18343d"},"/Users/desimiramitkova/Projects/etherlime/packages/etherlime-utils/utils/contract-utils.js":{"path":"/Users/desimiramitkova/Projects/etherlime/packages/etherlime-utils/utils/contract-utils.js","statementMap":{"0":{"start":{"line":1,"column":24},"end":{"line":18,"column":1}},"1":{"start":{"line":2,"column":1},"end":{"line":4,"column":2}},"2":{"start":{"line":3,"column":2},"end":{"line":3,"column":15}},"3":{"start":{"line":5,"column":1},"end":{"line":7,"column":2}},"4":{"start":{"line":6,"column":2},"end":{"line":6,"column":15}},"5":{"start":{"line":9,"column":1},"end":{"line":11,"column":2}},"6":{"start":{"line":10,"column":2},"end":{"line":10,"column":15}},"7":{"start":{"line":13,"column":1},"end":{"line":15,"column":2}},"8":{"start":{"line":14,"column":2},"end":{"line":14,"column":15}},"9":{"start":{"line":17,"column":1},"end":{"line":17,"column":13}},"10":{"start":{"line":20,"column":24},"end":{"line":30,"column":1}},"11":{"start":{"line":21,"column":1},"end":{"line":23,"column":2}},"12":{"start":{"line":22,"column":2},"end":{"line":22,"column":15}},"13":{"start":{"line":25,"column":1},"end":{"line":27,"column":2}},"14":{"start":{"line":26,"column":2},"end":{"line":26,"column":15}},"15":{"start":{"line":29,"column":1},"end":{"line":29,"column":13}},"16":{"start":{"line":32,"column":0},"end":{"line":35,"column":1}}},"fnMap":{"0":{"name":"(anonymous_0)","decl":{"start":{"line":1,"column":24},"end":{"line":1,"column":25}},"loc":{"start":{"line":1,"column":44},"end":{"line":18,"column":1}},"line":1},"1":{"name":"(anonymous_1)","decl":{"start":{"line":20,"column":24},"end":{"line":20,"column":25}},"loc":{"start":{"line":20,"column":44},"end":{"line":30,"column":1}},"line":20}},"branchMap":{"0":{"loc":{"start":{"line":2,"column":1},"end":{"line":4,"column":2}},"type":"if","locations":[{"start":{"line":2,"column":1},"end":{"line":4,"column":2}},{"start":{"line":2,"column":1},"end":{"line":4,"column":2}}],"line":2},"1":{"loc":{"start":{"line":5,"column":1},"end":{"line":7,"column":2}},"type":"if","locations":[{"start":{"line":5,"column":1},"end":{"line":7,"column":2}},{"start":{"line":5,"column":1},"end":{"line":7,"column":2}}],"line":5},"2":{"loc":{"start":{"line":9,"column":1},"end":{"line":11,"column":2}},"type":"if","locations":[{"start":{"line":9,"column":1},"end":{"line":11,"column":2}},{"start":{"line":9,"column":1},"end":{"line":11,"column":2}}],"line":9},"3":{"loc":{"start":{"line":13,"column":1},"end":{"line":15,"column":2}},"type":"if","locations":[{"start":{"line":13,"column":1},"end":{"line":15,"column":2}},{"start":{"line":13,"column":1},"end":{"line":15,"column":2}}],"line":13},"4":{"loc":{"start":{"line":21,"column":1},"end":{"line":23,"column":2}},"type":"if","locations":[{"start":{"line":21,"column":1},"end":{"line":23,"column":2}},{"start":{"line":21,"column":1},"end":{"line":23,"column":2}}],"line":21},"5":{"loc":{"start":{"line":25,"column":1},"end":{"line":27,"column":2}},"type":"if","locations":[{"start":{"line":25,"column":1},"end":{"line":27,"column":2}},{"start":{"line":25,"column":1},"end":{"line":27,"column":2}}],"line":25}},"s":{"0":1,"1":0,"2":0,"3":0,"4":0,"5":0,"6":0,"7":0,"8":0,"9":0,"10":1,"11":0,"12":0,"13":0,"14":0,"15":0,"16":1},"f":{"0":0,"1":0},"b":{"0":[0,0],"1":[0,0],"2":[0,0],"3":[0,0],"4":[0,0],"5":[0,0]},"_coverageSchema":"43e27e138ebf9cfc5966b082cf9a028302ed4184","hash":"82139069a1c5f596becc95ab9b7ab5e0ed40b343","contentHash":"6d06292ca442289e4c0d8a3beed86ad5ba56c972c1e2371c49e5978f99cdf4fa"},"/Users/desimiramitkova/Projects/etherlime/packages/etherlime-utils/utils/global-exception-handling.js":{"path":"/Users/desimiramitkova/Projects/etherlime/packages/etherlime-utils/utils/global-exception-handling.js","statementMap":{"0":{"start":{"line":1,"column":24},"end":{"line":3,"column":1}},"1":{"start":{"line":2,"column":1},"end":{"line":2,"column":51}},"2":{"start":{"line":5,"column":24},"end":{"line":7,"column":1}},"3":{"start":{"line":6,"column":1},"end":{"line":6,"column":51}},"4":{"start":{"line":9,"column":0},"end":{"line":12,"column":2}}},"fnMap":{"0":{"name":"(anonymous_0)","decl":{"start":{"line":1,"column":24},"end":{"line":1,"column":25}},"loc":{"start":{"line":1,"column":38},"end":{"line":3,"column":1}},"line":1},"1":{"name":"(anonymous_1)","decl":{"start":{"line":5,"column":24},"end":{"line":5,"column":25}},"loc":{"start":{"line":5,"column":38},"end":{"line":7,"column":1}},"line":5}},"branchMap":{},"s":{"0":1,"1":1,"2":1,"3":1,"4":1},"f":{"0":1,"1":1},"b":{},"_coverageSchema":"43e27e138ebf9cfc5966b082cf9a028302ed4184","hash":"79f4f2337b4adbbda547946f8e073115dc8a0c06","contentHash":"74d29fc21da98d231f0c3f1cf13d263b1de4811fe6b366fbb91021e9caee75d5"},"/Users/desimiramitkova/Projects/etherlime/packages/etherlime-utils/utils/linking-utils.js":{"path":"/Users/desimiramitkova/Projects/etherlime/packages/etherlime-utils/utils/linking-utils.js","statementMap":{"0":{"start":{"line":1,"column":23},"end":{"line":3,"column":1}},"1":{"start":{"line":2,"column":4},"end":{"line":2,"column":56}},"2":{"start":{"line":5,"column":20},"end":{"line":26,"column":1}},"3":{"start":{"line":6,"column":4},"end":{"line":8,"column":5}},"4":{"start":{"line":7,"column":8},"end":{"line":7,"column":24}},"5":{"start":{"line":10,"column":4},"end":{"line":19,"column":5}},"6":{"start":{"line":11,"column":8},"end":{"line":13,"column":9}},"7":{"start":{"line":12,"column":12},"end":{"line":12,"column":21}},"8":{"start":{"line":15,"column":31},"end":{"line":15,"column":53}},"9":{"start":{"line":17,"column":20},"end":{"line":17,"column":62}},"10":{"start":{"line":18,"column":8},"end":{"line":18,"column":77}},"11":{"start":{"line":21,"column":4},"end":{"line":23,"column":5}},"12":{"start":{"line":22,"column":8},"end":{"line":22,"column":58}},"13":{"start":{"line":25,"column":4},"end":{"line":25,"column":20}},"14":{"start":{"line":28,"column":0},"end":{"line":31,"column":1}}},"fnMap":{"0":{"name":"(anonymous_0)","decl":{"start":{"line":1,"column":23},"end":{"line":1,"column":24}},"loc":{"start":{"line":1,"column":44},"end":{"line":3,"column":1}},"line":1},"1":{"name":"(anonymous_1)","decl":{"start":{"line":5,"column":20},"end":{"line":5,"column":21}},"loc":{"start":{"line":5,"column":51},"end":{"line":26,"column":1}},"line":5}},"branchMap":{"0":{"loc":{"start":{"line":2,"column":12},"end":{"line":2,"column":55}},"type":"binary-expr","locations":[{"start":{"line":2,"column":12},"end":{"line":2,"column":22}},{"start":{"line":2,"column":26},"end":{"line":2,"column":55}}],"line":2},"1":{"loc":{"start":{"line":6,"column":4},"end":{"line":8,"column":5}},"type":"if","locations":[{"start":{"line":6,"column":4},"end":{"line":8,"column":5}},{"start":{"line":6,"column":4},"end":{"line":8,"column":5}}],"line":6},"2":{"loc":{"start":{"line":11,"column":8},"end":{"line":13,"column":9}},"type":"if","locations":[{"start":{"line":11,"column":8},"end":{"line":13,"column":9}},{"start":{"line":11,"column":8},"end":{"line":13,"column":9}}],"line":11},"3":{"loc":{"start":{"line":21,"column":4},"end":{"line":23,"column":5}},"type":"if","locations":[{"start":{"line":21,"column":4},"end":{"line":23,"column":5}},{"start":{"line":21,"column":4},"end":{"line":23,"column":5}}],"line":21}},"s":{"0":1,"1":0,"2":1,"3":0,"4":0,"5":0,"6":0,"7":0,"8":0,"9":0,"10":0,"11":0,"12":0,"13":0,"14":1},"f":{"0":0,"1":0},"b":{"0":[0,0],"1":[0,0],"2":[0,0],"3":[0,0]},"_coverageSchema":"43e27e138ebf9cfc5966b082cf9a028302ed4184","hash":"c2b8310af8ab0fbdf38670f800e6cdc39b0c3e6d","contentHash":"a0f8518dc9a7fdb09b9a999f0ea86b9067440f86dde35fe6f0714eecc7995576"},"/Users/desimiramitkova/Projects/etherlime/packages/etherlime-utils/utils/number-utils.js":{"path":"/Users/desimiramitkova/Projects/etherlime/packages/etherlime-utils/utils/number-utils.js","statementMap":{"0":{"start":{"line":1,"column":17},"end":{"line":7,"column":1}},"1":{"start":{"line":2,"column":1},"end":{"line":4,"column":2}},"2":{"start":{"line":3,"column":2},"end":{"line":3,"column":14}},"3":{"start":{"line":6,"column":1},"end":{"line":6,"column":13}},"4":{"start":{"line":9,"column":0},"end":{"line":11,"column":1}}},"fnMap":{"0":{"name":"(anonymous_0)","decl":{"start":{"line":1,"column":17},"end":{"line":1,"column":18}},"loc":{"start":{"line":1,"column":35},"end":{"line":7,"column":1}},"line":1}},"branchMap":{"0":{"loc":{"start":{"line":2,"column":1},"end":{"line":4,"column":2}},"type":"if","locations":[{"start":{"line":2,"column":1},"end":{"line":4,"column":2}},{"start":{"line":2,"column":1},"end":{"line":4,"column":2}}],"line":2}},"s":{"0":1,"1":0,"2":0,"3":0,"4":1},"f":{"0":0},"b":{"0":[0,0]},"_coverageSchema":"43e27e138ebf9cfc5966b082cf9a028302ed4184","hash":"65d56dc7006d032d0d2608595c2b459dfb0bc873","contentHash":"494b48e8c59faec300a34cffdde27d6a1d0fd028980a3d0094dfaff58433e389"},"/Users/desimiramitkova/Projects/etherlime/packages/etherlime-utils/utils/provider-utils.js":{"path":"/Users/desimiramitkova/Projects/etherlime/packages/etherlime-utils/utils/provider-utils.js","statementMap":{"0":{"start":{"line":1,"column":19},"end":{"line":8,"column":1}},"1":{"start":{"line":3,"column":4},"end":{"line":5,"column":5}},"2":{"start":{"line":4,"column":8},"end":{"line":4,"column":19}},"3":{"start":{"line":7,"column":4},"end":{"line":7,"column":16}},"4":{"start":{"line":10,"column":0},"end":{"line":12,"column":1}}},"fnMap":{"0":{"name":"(anonymous_0)","decl":{"start":{"line":1,"column":19},"end":{"line":1,"column":20}},"loc":{"start":{"line":1,"column":39},"end":{"line":8,"column":1}},"line":1}},"branchMap":{"0":{"loc":{"start":{"line":3,"column":4},"end":{"line":5,"column":5}},"type":"if","locations":[{"start":{"line":3,"column":4},"end":{"line":5,"column":5}},{"start":{"line":3,"column":4},"end":{"line":5,"column":5}}],"line":3},"1":{"loc":{"start":{"line":3,"column":8},"end":{"line":3,"column":75}},"type":"binary-expr","locations":[{"start":{"line":3,"column":8},"end":{"line":3,"column":36}},{"start":{"line":3,"column":40},"end":{"line":3,"column":75}}],"line":3}},"s":{"0":1,"1":0,"2":0,"3":0,"4":1},"f":{"0":0},"b":{"0":[0,0],"1":[0,0]},"_coverageSchema":"43e27e138ebf9cfc5966b082cf9a028302ed4184","hash":"fe075a834cedb5d9f301c4d77130b3f853f412ee","contentHash":"048e538f47b568cb424e1efb9b51061695cb4aee1d0aaa9bb196e177037079c8"},"/Users/desimiramitkova/Projects/etherlime/packages/etherlime-utils/utils/signer-utils.js":{"path":"/Users/desimiramitkova/Projects/etherlime/packages/etherlime-utils/utils/signer-utils.js","statementMap":{"0":{"start":{"line":1,"column":17},"end":{"line":7,"column":1}},"1":{"start":{"line":2,"column":4},"end":{"line":4,"column":5}},"2":{"start":{"line":3,"column":8},"end":{"line":3,"column":19}},"3":{"start":{"line":6,"column":4},"end":{"line":6,"column":16}},"4":{"start":{"line":9,"column":0},"end":{"line":11,"column":1}}},"fnMap":{"0":{"name":"(anonymous_0)","decl":{"start":{"line":1,"column":17},"end":{"line":1,"column":18}},"loc":{"start":{"line":1,"column":35},"end":{"line":7,"column":1}},"line":1}},"branchMap":{"0":{"loc":{"start":{"line":2,"column":4},"end":{"line":4,"column":5}},"type":"if","locations":[{"start":{"line":2,"column":4},"end":{"line":4,"column":5}},{"start":{"line":2,"column":4},"end":{"line":4,"column":5}}],"line":2},"1":{"loc":{"start":{"line":2,"column":8},"end":{"line":2,"column":126}},"type":"binary-expr","locations":[{"start":{"line":2,"column":8},"end":{"line":2,"column":34}},{"start":{"line":2,"column":40},"end":{"line":2,"column":80}},{"start":{"line":2,"column":86},"end":{"line":2,"column":125}}],"line":2}},"s":{"0":1,"1":0,"2":0,"3":0,"4":1},"f":{"0":0},"b":{"0":[0,0],"1":[0,0,0]},"_coverageSchema":"43e27e138ebf9cfc5966b082cf9a028302ed4184","hash":"9c39b31100a655d570efd1bd25e68e7dd91dce92","contentHash":"930d391f9c3539809d5428b494ff534faf2be6da3e2f70b0bf813bc6c69966eb"},"/Users/desimiramitkova/Projects/etherlime/packages/etherlime-utils/utils/url-utils.js":{"path":"/Users/desimiramitkova/Projects/etherlime/packages/etherlime-utils/utils/url-utils.js","statementMap":{"0":{"start":{"line":1,"column":14},"end":{"line":7,"column":1}},"1":{"start":{"line":2,"column":1},"end":{"line":4,"column":2}},"2":{"start":{"line":3,"column":2},"end":{"line":3,"column":14}},"3":{"start":{"line":6,"column":1},"end":{"line":6,"column":13}},"4":{"start":{"line":9,"column":0},"end":{"line":11,"column":1}}},"fnMap":{"0":{"name":"(anonymous_0)","decl":{"start":{"line":1,"column":14},"end":{"line":1,"column":15}},"loc":{"start":{"line":1,"column":29},"end":{"line":7,"column":1}},"line":1}},"branchMap":{"0":{"loc":{"start":{"line":2,"column":1},"end":{"line":4,"column":2}},"type":"if","locations":[{"start":{"line":2,"column":1},"end":{"line":4,"column":2}},{"start":{"line":2,"column":1},"end":{"line":4,"column":2}}],"line":2},"1":{"loc":{"start":{"line":2,"column":5},"end":{"line":2,"column":50}},"type":"binary-expr","locations":[{"start":{"line":2,"column":5},"end":{"line":2,"column":30}},{"start":{"line":2,"column":34},"end":{"line":2,"column":50}}],"line":2}},"s":{"0":1,"1":0,"2":0,"3":0,"4":1},"f":{"0":0},"b":{"0":[0,0],"1":[0,0]},"_coverageSchema":"43e27e138ebf9cfc5966b082cf9a028302ed4184","hash":"5321c8ecdc669d4dc84ebc6b3fdf059704806fdc","contentHash":"5ea0701a91c0971bc9d299725e6a65f249376a6fa0ab590a197705bedd16857a"},"/Users/desimiramitkova/Projects/etherlime/packages/etherlime/logger-service/logger-service.js":{"path":"/Users/desimiramitkova/Projects/etherlime/packages/etherlime/logger-service/logger-service.js","statementMap":{"0":{"start":{"line":1,"column":16},"end":{"line":1,"column":35}},"1":{"start":{"line":5,"column":22},"end":{"line":9,"column":1}},"2":{"start":{"line":11,"column":35},"end":{"line":11,"column":70}},"3":{"start":{"line":19,"column":23},"end":{"line":19,"column":53}},"4":{"start":{"line":20,"column":15},"end":{"line":20,"column":52}},"5":{"start":{"line":22,"column":2},"end":{"line":24,"column":3}},"6":{"start":{"line":23,"column":3},"end":{"line":23,"column":10}},"7":{"start":{"line":26,"column":2},"end":{"line":29,"column":3}},"8":{"start":{"line":27,"column":3},"end":{"line":27,"column":24}},"9":{"start":{"line":28,"column":3},"end":{"line":28,"column":10}},"10":{"start":{"line":31,"column":2},"end":{"line":31,"column":26}},"11":{"start":{"line":35,"column":2},"end":{"line":35,"column":23}},"12":{"start":{"line":43,"column":2},"end":{"line":43,"column":59}},"13":{"start":{"line":44,"column":2},"end":{"line":44,"column":32}},"14":{"start":{"line":50,"column":2},"end":{"line":53,"column":3}},"15":{"start":{"line":51,"column":3},"end":{"line":51,"column":29}},"16":{"start":{"line":52,"column":3},"end":{"line":52,"column":22}},"17":{"start":{"line":55,"column":2},"end":{"line":57,"column":3}},"18":{"start":{"line":56,"column":3},"end":{"line":56,"column":29}},"19":{"start":{"line":59,"column":2},"end":{"line":59,"column":83}},"20":{"start":{"line":60,"column":2},"end":{"line":60,"column":38}},"21":{"start":{"line":62,"column":2},"end":{"line":62,"column":21}},"22":{"start":{"line":66,"column":2},"end":{"line":66,"column":22}},"23":{"start":{"line":70,"column":2},"end":{"line":70,"column":19}},"24":{"start":{"line":74,"column":2},"end":{"line":74,"column":45}},"25":{"start":{"line":84,"column":2},"end":{"line":84,"column":9}},"26":{"start":{"line":88,"column":2},"end":{"line":88,"column":9}},"27":{"start":{"line":92,"column":2},"end":{"line":92,"column":9}},"28":{"start":{"line":96,"column":2},"end":{"line":96,"column":9}},"29":{"start":{"line":100,"column":2},"end":{"line":100,"column":9}},"30":{"start":{"line":104,"column":2},"end":{"line":104,"column":9}},"31":{"start":{"line":108,"column":2},"end":{"line":108,"column":9}},"32":{"start":{"line":112,"column":2},"end":{"line":112,"column":9}},"33":{"start":{"line":116,"column":0},"end":{"line":120,"column":1}},"34":{"start":{"line":117,"column":1},"end":{"line":117,"column":23}},"35":{"start":{"line":119,"column":1},"end":{"line":119,"column":39}},"36":{"start":{"line":122,"column":0},"end":{"line":125,"column":2}}},"fnMap":{"0":{"name":"(anonymous_0)","decl":{"start":{"line":15,"column":1},"end":{"line":15,"column":2}},"loc":{"start":{"line":15,"column":15},"end":{"line":16,"column":2}},"line":15},"1":{"name":"(anonymous_1)","decl":{"start":{"line":18,"column":1},"end":{"line":18,"column":2}},"loc":{"start":{"line":18,"column":7},"end":{"line":32,"column":2}},"line":18},"2":{"name":"(anonymous_2)","decl":{"start":{"line":34,"column":1},"end":{"line":34,"column":2}},"loc":{"start":{"line":34,"column":20},"end":{"line":36,"column":2}},"line":34},"3":{"name":"(anonymous_3)","decl":{"start":{"line":38,"column":1},"end":{"line":38,"column":2}},"loc":{"start":{"line":38,"column":17},"end":{"line":40,"column":2}},"line":38},"4":{"name":"(anonymous_4)","decl":{"start":{"line":42,"column":1},"end":{"line":42,"column":2}},"loc":{"start":{"line":42,"column":29},"end":{"line":45,"column":2}},"line":42},"5":{"name":"(anonymous_5)","decl":{"start":{"line":47,"column":1},"end":{"line":47,"column":2}},"loc":{"start":{"line":47,"column":27},"end":{"line":63,"column":2}},"line":47},"6":{"name":"(anonymous_6)","decl":{"start":{"line":65,"column":1},"end":{"line":65,"column":2}},"loc":{"start":{"line":65,"column":26},"end":{"line":67,"column":2}},"line":65},"7":{"name":"(anonymous_7)","decl":{"start":{"line":69,"column":1},"end":{"line":69,"column":2}},"loc":{"start":{"line":69,"column":20},"end":{"line":71,"column":2}},"line":69},"8":{"name":"(anonymous_8)","decl":{"start":{"line":73,"column":1},"end":{"line":73,"column":2}},"loc":{"start":{"line":73,"column":23},"end":{"line":75,"column":2}},"line":73},"9":{"name":"(anonymous_9)","decl":{"start":{"line":80,"column":1},"end":{"line":80,"column":2}},"loc":{"start":{"line":80,"column":15},"end":{"line":81,"column":2}},"line":80},"10":{"name":"(anonymous_10)","decl":{"start":{"line":83,"column":1},"end":{"line":83,"column":2}},"loc":{"start":{"line":83,"column":7},"end":{"line":85,"column":2}},"line":83},"11":{"name":"(anonymous_11)","decl":{"start":{"line":87,"column":1},"end":{"line":87,"column":2}},"loc":{"start":{"line":87,"column":20},"end":{"line":89,"column":2}},"line":87},"12":{"name":"(anonymous_12)","decl":{"start":{"line":91,"column":1},"end":{"line":91,"column":2}},"loc":{"start":{"line":91,"column":17},"end":{"line":93,"column":2}},"line":91},"13":{"name":"(anonymous_13)","decl":{"start":{"line":95,"column":1},"end":{"line":95,"column":2}},"loc":{"start":{"line":95,"column":29},"end":{"line":97,"column":2}},"line":95},"14":{"name":"(anonymous_14)","decl":{"start":{"line":99,"column":1},"end":{"line":99,"column":2}},"loc":{"start":{"line":99,"column":27},"end":{"line":101,"column":2}},"line":99},"15":{"name":"(anonymous_15)","decl":{"start":{"line":103,"column":1},"end":{"line":103,"column":2}},"loc":{"start":{"line":103,"column":26},"end":{"line":105,"column":2}},"line":103},"16":{"name":"(anonymous_16)","decl":{"start":{"line":107,"column":1},"end":{"line":107,"column":2}},"loc":{"start":{"line":107,"column":20},"end":{"line":109,"column":2}},"line":107},"17":{"name":"(anonymous_17)","decl":{"start":{"line":111,"column":1},"end":{"line":111,"column":2}},"loc":{"start":{"line":111,"column":23},"end":{"line":113,"column":2}},"line":111}},"branchMap":{"0":{"loc":{"start":{"line":22,"column":2},"end":{"line":24,"column":3}},"type":"if","locations":[{"start":{"line":22,"column":2},"end":{"line":24,"column":3}},{"start":{"line":22,"column":2},"end":{"line":24,"column":3}}],"line":22},"1":{"loc":{"start":{"line":26,"column":2},"end":{"line":29,"column":3}},"type":"if","locations":[{"start":{"line":26,"column":2},"end":{"line":29,"column":3}},{"start":{"line":26,"column":2},"end":{"line":29,"column":3}}],"line":26},"2":{"loc":{"start":{"line":50,"column":2},"end":{"line":53,"column":3}},"type":"if","locations":[{"start":{"line":50,"column":2},"end":{"line":53,"column":3}},{"start":{"line":50,"column":2},"end":{"line":53,"column":3}}],"line":50},"3":{"loc":{"start":{"line":55,"column":2},"end":{"line":57,"column":3}},"type":"if","locations":[{"start":{"line":55,"column":2},"end":{"line":57,"column":3}},{"start":{"line":55,"column":2},"end":{"line":57,"column":3}}],"line":55},"4":{"loc":{"start":{"line":116,"column":0},"end":{"line":120,"column":1}},"type":"if","locations":[{"start":{"line":116,"column":0},"end":{"line":120,"column":1}},{"start":{"line":116,"column":0},"end":{"line":120,"column":1}}],"line":116}},"s":{"0":1,"1":1,"2":1,"3":2,"4":2,"5":2,"6":0,"7":2,"8":0,"9":0,"10":2,"11":2,"12":1,"13":1,"14":2,"15":1,"16":1,"17":1,"18":0,"19":1,"20":1,"21":1,"22":2,"23":0,"24":1,"25":0,"26":0,"27":0,"28":0,"29":0,"30":0,"31":0,"32":0,"33":1,"34":1,"35":0,"36":1},"f":{"0":1,"1":2,"2":2,"3":0,"4":1,"5":2,"6":2,"7":0,"8":1,"9":0,"10":0,"11":0,"12":0,"13":0,"14":0,"15":0,"16":0,"17":0},"b":{"0":[0,2],"1":[0,2],"2":[1,1],"3":[0,1],"4":[1,0]},"_coverageSchema":"43e27e138ebf9cfc5966b082cf9a028302ed4184","hash":"6f2751042e0d5841a3be9c4e69cbfd5a76af3dae","contentHash":"226f5e790fc29cd88ec97a0c18885f673e1af363bfcded9ff5b31ac03b7532ff"},"/Users/desimiramitkova/Projects/etherlime/packages/etherlime/cli-commands/init/init.js":{"path":"/Users/desimiramitkova/Projects/etherlime/packages/etherlime/cli-commands/init/init.js","statementMap":{"0":{"start":{"line":1,"column":11},"end":{"line":1,"column":24}},"1":{"start":{"line":2,"column":13},"end":{"line":2,"column":28}},"2":{"start":{"line":3,"column":13},"end":{"line":3,"column":58}},"3":{"start":{"line":5,"column":22},"end":{"line":5,"column":36}},"4":{"start":{"line":6,"column":34},"end":{"line":6,"column":62}},"5":{"start":{"line":8,"column":16},"end":{"line":8,"column":24}},"6":{"start":{"line":9,"column":28},"end":{"line":9,"column":55}},"7":{"start":{"line":11,"column":21},"end":{"line":11,"column":34}},"8":{"start":{"line":12,"column":32},"end":{"line":12,"column":65}},"9":{"start":{"line":14,"column":19},"end":{"line":14,"column":43}},"10":{"start":{"line":15,"column":26},"end":{"line":15,"column":38}},"11":{"start":{"line":16,"column":29},"end":{"line":16,"column":80}},"12":{"start":{"line":18,"column":25},"end":{"line":18,"column":34}},"13":{"start":{"line":19,"column":34},"end":{"line":19,"column":80}},"14":{"start":{"line":21,"column":31},"end":{"line":21,"column":47}},"15":{"start":{"line":23,"column":33},"end":{"line":23,"column":47}},"16":{"start":{"line":25,"column":15},"end":{"line":25,"column":70}},"17":{"start":{"line":27,"column":28},"end":{"line":32,"column":1}},"18":{"start":{"line":28,"column":1},"end":{"line":28,"column":62}},"19":{"start":{"line":29,"column":1},"end":{"line":31,"column":2}},"20":{"start":{"line":30,"column":2},"end":{"line":30,"column":30}},"21":{"start":{"line":34,"column":23},"end":{"line":42,"column":1}},"22":{"start":{"line":35,"column":1},"end":{"line":37,"column":2}},"23":{"start":{"line":36,"column":2},"end":{"line":36,"column":141}},"24":{"start":{"line":39,"column":30},"end":{"line":39,"column":73}},"25":{"start":{"line":41,"column":1},"end":{"line":41,"column":66}},"26":{"start":{"line":44,"column":21},"end":{"line":52,"column":1}},"27":{"start":{"line":45,"column":1},"end":{"line":47,"column":2}},"28":{"start":{"line":46,"column":2},"end":{"line":46,"column":136}},"29":{"start":{"line":49,"column":24},"end":{"line":49,"column":61}},"30":{"start":{"line":51,"column":1},"end":{"line":51,"column":54}},"31":{"start":{"line":54,"column":25},"end":{"line":61,"column":1}},"32":{"start":{"line":55,"column":1},"end":{"line":57,"column":2}},"33":{"start":{"line":56,"column":2},"end":{"line":56,"column":146}},"34":{"start":{"line":59,"column":28},"end":{"line":59,"column":65}},"35":{"start":{"line":60,"column":1},"end":{"line":60,"column":62}},"36":{"start":{"line":63,"column":30},"end":{"line":68,"column":1}},"37":{"start":{"line":64,"column":1},"end":{"line":64,"column":61}},"38":{"start":{"line":65,"column":1},"end":{"line":67,"column":2}},"39":{"start":{"line":66,"column":2},"end":{"line":66,"column":29}},"40":{"start":{"line":70,"column":26},"end":{"line":75,"column":1}},"41":{"start":{"line":71,"column":1},"end":{"line":71,"column":57}},"42":{"start":{"line":72,"column":1},"end":{"line":74,"column":2}},"43":{"start":{"line":73,"column":2},"end":{"line":73,"column":24}},"44":{"start":{"line":77,"column":28},"end":{"line":87,"column":1}},"45":{"start":{"line":78,"column":1},"end":{"line":78,"column":51}},"46":{"start":{"line":80,"column":1},"end":{"line":82,"column":2}},"47":{"start":{"line":81,"column":2},"end":{"line":81,"column":9}},"48":{"start":{"line":84,"column":31},"end":{"line":84,"column":65}},"49":{"start":{"line":86,"column":1},"end":{"line":86,"column":64}},"50":{"start":{"line":89,"column":28},"end":{"line":97,"column":1}},"51":{"start":{"line":90,"column":1},"end":{"line":96,"column":2}},"52":{"start":{"line":91,"column":2},"end":{"line":91,"column":53}},"53":{"start":{"line":93,"column":26},"end":{"line":93,"column":66}},"54":{"start":{"line":95,"column":2},"end":{"line":95,"column":60}},"55":{"start":{"line":99,"column":28},"end":{"line":104,"column":1}},"56":{"start":{"line":100,"column":1},"end":{"line":100,"column":60}},"57":{"start":{"line":101,"column":1},"end":{"line":103,"column":2}},"58":{"start":{"line":102,"column":2},"end":{"line":102,"column":27}},"59":{"start":{"line":106,"column":35},"end":{"line":111,"column":1}},"60":{"start":{"line":107,"column":1},"end":{"line":107,"column":60}},"61":{"start":{"line":108,"column":1},"end":{"line":110,"column":2}},"62":{"start":{"line":109,"column":2},"end":{"line":109,"column":53}},"63":{"start":{"line":113,"column":24},"end":{"line":120,"column":1}},"64":{"start":{"line":114,"column":1},"end":{"line":116,"column":2}},"65":{"start":{"line":115,"column":2},"end":{"line":115,"column":143}},"66":{"start":{"line":118,"column":27},"end":{"line":118,"column":63}},"67":{"start":{"line":119,"column":1},"end":{"line":119,"column":58}},"68":{"start":{"line":122,"column":39},"end":{"line":127,"column":1}},"69":{"start":{"line":123,"column":1},"end":{"line":123,"column":65}},"70":{"start":{"line":124,"column":1},"end":{"line":126,"column":2}},"71":{"start":{"line":125,"column":2},"end":{"line":125,"column":52}},"72":{"start":{"line":129,"column":28},"end":{"line":135,"column":1}},"73":{"start":{"line":130,"column":1},"end":{"line":132,"column":2}},"74":{"start":{"line":131,"column":2},"end":{"line":131,"column":139}},"75":{"start":{"line":133,"column":25},"end":{"line":133,"column":57}},"76":{"start":{"line":134,"column":1},"end":{"line":134,"column":61}},"77":{"start":{"line":137,"column":12},"end":{"line":163,"column":1}},"78":{"start":{"line":138,"column":26},"end":{"line":138,"column":35}},"79":{"start":{"line":140,"column":1},"end":{"line":162,"column":2}},"80":{"start":{"line":141,"column":2},"end":{"line":141,"column":49}},"81":{"start":{"line":142,"column":2},"end":{"line":142,"column":40}},"82":{"start":{"line":143,"column":29},"end":{"line":143,"column":64}},"83":{"start":{"line":144,"column":2},"end":{"line":144,"column":21}},"84":{"start":{"line":145,"column":2},"end":{"line":145,"column":26}},"85":{"start":{"line":146,"column":2},"end":{"line":146,"column":37}},"86":{"start":{"line":147,"column":2},"end":{"line":147,"column":22}},"87":{"start":{"line":148,"column":2},"end":{"line":148,"column":24}},"88":{"start":{"line":149,"column":2},"end":{"line":149,"column":35}},"89":{"start":{"line":150,"column":2},"end":{"line":150,"column":33}},"90":{"start":{"line":151,"column":2},"end":{"line":151,"column":39}},"91":{"start":{"line":152,"column":2},"end":{"line":158,"column":3}},"92":{"start":{"line":153,"column":3},"end":{"line":153,"column":25}},"93":{"start":{"line":154,"column":3},"end":{"line":154,"column":32}},"94":{"start":{"line":155,"column":3},"end":{"line":155,"column":37}},"95":{"start":{"line":156,"column":3},"end":{"line":156,"column":36}},"96":{"start":{"line":157,"column":3},"end":{"line":157,"column":41}},"97":{"start":{"line":159,"column":2},"end":{"line":159,"column":119}},"98":{"start":{"line":161,"column":2},"end":{"line":161,"column":29}},"99":{"start":{"line":165,"column":0},"end":{"line":167,"column":2}}},"fnMap":{"0":{"name":"(anonymous_0)","decl":{"start":{"line":27,"column":28},"end":{"line":27,"column":29}},"loc":{"start":{"line":27,"column":34},"end":{"line":32,"column":1}},"line":27},"1":{"name":"(anonymous_1)","decl":{"start":{"line":34,"column":23},"end":{"line":34,"column":24}},"loc":{"start":{"line":34,"column":45},"end":{"line":42,"column":1}},"line":34},"2":{"name":"(anonymous_2)","decl":{"start":{"line":44,"column":21},"end":{"line":44,"column":22}},"loc":{"start":{"line":44,"column":43},"end":{"line":52,"column":1}},"line":44},"3":{"name":"(anonymous_3)","decl":{"start":{"line":54,"column":25},"end":{"line":54,"column":26}},"loc":{"start":{"line":54,"column":47},"end":{"line":61,"column":1}},"line":54},"4":{"name":"(anonymous_4)","decl":{"start":{"line":63,"column":30},"end":{"line":63,"column":31}},"loc":{"start":{"line":63,"column":36},"end":{"line":68,"column":1}},"line":63},"5":{"name":"(anonymous_5)","decl":{"start":{"line":70,"column":26},"end":{"line":70,"column":27}},"loc":{"start":{"line":70,"column":32},"end":{"line":75,"column":1}},"line":70},"6":{"name":"(anonymous_6)","decl":{"start":{"line":77,"column":28},"end":{"line":77,"column":29}},"loc":{"start":{"line":77,"column":50},"end":{"line":87,"column":1}},"line":77},"7":{"name":"(anonymous_7)","decl":{"start":{"line":89,"column":28},"end":{"line":89,"column":29}},"loc":{"start":{"line":89,"column":50},"end":{"line":97,"column":1}},"line":89},"8":{"name":"(anonymous_8)","decl":{"start":{"line":99,"column":28},"end":{"line":99,"column":29}},"loc":{"start":{"line":99,"column":34},"end":{"line":104,"column":1}},"line":99},"9":{"name":"(anonymous_9)","decl":{"start":{"line":106,"column":35},"end":{"line":106,"column":36}},"loc":{"start":{"line":106,"column":41},"end":{"line":111,"column":1}},"line":106},"10":{"name":"(anonymous_10)","decl":{"start":{"line":113,"column":24},"end":{"line":113,"column":25}},"loc":{"start":{"line":113,"column":46},"end":{"line":120,"column":1}},"line":113},"11":{"name":"(anonymous_11)","decl":{"start":{"line":122,"column":39},"end":{"line":122,"column":40}},"loc":{"start":{"line":122,"column":45},"end":{"line":127,"column":1}},"line":122},"12":{"name":"(anonymous_12)","decl":{"start":{"line":129,"column":28},"end":{"line":129,"column":29}},"loc":{"start":{"line":129,"column":50},"end":{"line":135,"column":1}},"line":129},"13":{"name":"(anonymous_13)","decl":{"start":{"line":137,"column":12},"end":{"line":137,"column":13}},"loc":{"start":{"line":137,"column":33},"end":{"line":163,"column":1}},"line":137}},"branchMap":{"0":{"loc":{"start":{"line":29,"column":1},"end":{"line":31,"column":2}},"type":"if","locations":[{"start":{"line":29,"column":1},"end":{"line":31,"column":2}},{"start":{"line":29,"column":1},"end":{"line":31,"column":2}}],"line":29},"1":{"loc":{"start":{"line":35,"column":1},"end":{"line":37,"column":2}},"type":"if","locations":[{"start":{"line":35,"column":1},"end":{"line":37,"column":2}},{"start":{"line":35,"column":1},"end":{"line":37,"column":2}}],"line":35},"2":{"loc":{"start":{"line":45,"column":1},"end":{"line":47,"column":2}},"type":"if","locations":[{"start":{"line":45,"column":1},"end":{"line":47,"column":2}},{"start":{"line":45,"column":1},"end":{"line":47,"column":2}}],"line":45},"3":{"loc":{"start":{"line":55,"column":1},"end":{"line":57,"column":2}},"type":"if","locations":[{"start":{"line":55,"column":1},"end":{"line":57,"column":2}},{"start":{"line":55,"column":1},"end":{"line":57,"column":2}}],"line":55},"4":{"loc":{"start":{"line":65,"column":1},"end":{"line":67,"column":2}},"type":"if","locations":[{"start":{"line":65,"column":1},"end":{"line":67,"column":2}},{"start":{"line":65,"column":1},"end":{"line":67,"column":2}}],"line":65},"5":{"loc":{"start":{"line":72,"column":1},"end":{"line":74,"column":2}},"type":"if","locations":[{"start":{"line":72,"column":1},"end":{"line":74,"column":2}},{"start":{"line":72,"column":1},"end":{"line":74,"column":2}}],"line":72},"6":{"loc":{"start":{"line":80,"column":1},"end":{"line":82,"column":2}},"type":"if","locations":[{"start":{"line":80,"column":1},"end":{"line":82,"column":2}},{"start":{"line":80,"column":1},"end":{"line":82,"column":2}}],"line":80},"7":{"loc":{"start":{"line":90,"column":1},"end":{"line":96,"column":2}},"type":"if","locations":[{"start":{"line":90,"column":1},"end":{"line":96,"column":2}},{"start":{"line":90,"column":1},"end":{"line":96,"column":2}}],"line":90},"8":{"loc":{"start":{"line":101,"column":1},"end":{"line":103,"column":2}},"type":"if","locations":[{"start":{"line":101,"column":1},"end":{"line":103,"column":2}},{"start":{"line":101,"column":1},"end":{"line":103,"column":2}}],"line":101},"9":{"loc":{"start":{"line":108,"column":1},"end":{"line":110,"column":2}},"type":"if","locations":[{"start":{"line":108,"column":1},"end":{"line":110,"column":2}},{"start":{"line":108,"column":1},"end":{"line":110,"column":2}}],"line":108},"10":{"loc":{"start":{"line":114,"column":1},"end":{"line":116,"column":2}},"type":"if","locations":[{"start":{"line":114,"column":1},"end":{"line":116,"column":2}},{"start":{"line":114,"column":1},"end":{"line":116,"column":2}}],"line":114},"11":{"loc":{"start":{"line":124,"column":1},"end":{"line":126,"column":2}},"type":"if","locations":[{"start":{"line":124,"column":1},"end":{"line":126,"column":2}},{"start":{"line":124,"column":1},"end":{"line":126,"column":2}}],"line":124},"12":{"loc":{"start":{"line":130,"column":1},"end":{"line":132,"column":2}},"type":"if","locations":[{"start":{"line":130,"column":1},"end":{"line":132,"column":2}},{"start":{"line":130,"column":1},"end":{"line":132,"column":2}}],"line":130},"13":{"loc":{"start":{"line":152,"column":2},"end":{"line":158,"column":3}},"type":"if","locations":[{"start":{"line":152,"column":2},"end":{"line":158,"column":3}},{"start":{"line":152,"column":2},"end":{"line":158,"column":3}}],"line":152}},"s":{"0":1,"1":1,"2":1,"3":1,"4":1,"5":1,"6":1,"7":1,"8":1,"9":1,"10":1,"11":1,"12":1,"13":1,"14":1,"15":1,"16":1,"17":1,"18":0,"19":0,"20":0,"21":1,"22":0,"23":0,"24":0,"25":0,"26":1,"27":0,"28":0,"29":0,"30":0,"31":1,"32":0,"33":0,"34":0,"35":0,"36":1,"37":0,"38":0,"39":0,"40":1,"41":0,"42":0,"43":0,"44":1,"45":1,"46":1,"47":1,"48":0,"49":0,"50":1,"51":0,"52":0,"53":0,"54":0,"55":1,"56":0,"57":0,"58":0,"59":1,"60":0,"61":0,"62":0,"63":1,"64":0,"65":0,"66":0,"67":0,"68":1,"69":0,"70":0,"71":0,"72":1,"73":0,"74":0,"75":0,"76":0,"77":1,"78":1,"79":1,"80":1,"81":1,"82":1,"83":0,"84":0,"85":0,"86":0,"87":0,"88":0,"89":0,"90":0,"91":0,"92":0,"93":0,"94":0,"95":0,"96":0,"97":0,"98":1,"99":1},"f":{"0":0,"1":0,"2":0,"3":0,"4":0,"5":0,"6":1,"7":0,"8":0,"9":0,"10":0,"11":0,"12":0,"13":1},"b":{"0":[0,0],"1":[0,0],"2":[0,0],"3":[0,0],"4":[0,0],"5":[0,0],"6":[1,0],"7":[0,0],"8":[0,0],"9":[0,0],"10":[0,0],"11":[0,0],"12":[0,0],"13":[0,0]},"_coverageSchema":"43e27e138ebf9cfc5966b082cf9a028302ed4184","hash":"989f1f5143bba5bc05f67c1e20c91e3747cdaa2c","contentHash":"09b741e8fa974c7f4f6b985ea98ed9634c0f663660f02674bf746db5742148e2"},"/Users/desimiramitkova/Projects/etherlime/packages/etherlime/cli-commands/deployer/deployer.js":{"path":"/Users/desimiramitkova/Projects/etherlime/packages/etherlime/cli-commands/deployer/deployer.js","statementMap":{"0":{"start":{"line":1,"column":11},"end":{"line":1,"column":24}},"1":{"start":{"line":2,"column":34},"end":{"line":2,"column":56}},"2":{"start":{"line":3,"column":18},"end":{"line":3,"column":58}},"3":{"start":{"line":4,"column":14},"end":{"line":4,"column":34}},"4":{"start":{"line":5,"column":15},"end":{"line":5,"column":48}},"5":{"start":{"line":6,"column":15},"end":{"line":6,"column":70}},"6":{"start":{"line":7,"column":28},"end":{"line":7,"column":90}},"7":{"start":{"line":9,"column":29},"end":{"line":13,"column":1}},"8":{"start":{"line":10,"column":1},"end":{"line":12,"column":2}},"9":{"start":{"line":11,"column":2},"end":{"line":11,"column":130}},"10":{"start":{"line":15,"column":24},"end":{"line":22,"column":1}},"11":{"start":{"line":16,"column":29},"end":{"line":16,"column":98}},"12":{"start":{"line":17,"column":1},"end":{"line":17,"column":42}},"13":{"start":{"line":18,"column":24},"end":{"line":18,"column":65}},"14":{"start":{"line":19,"column":22},"end":{"line":19,"column":45}},"15":{"start":{"line":21,"column":1},"end":{"line":21,"column":28}},"16":{"start":{"line":24,"column":12},"end":{"line":59,"column":1}},"17":{"start":{"line":25,"column":1},"end":{"line":29,"column":2}},"18":{"start":{"line":26,"column":2},"end":{"line":26,"column":32}},"19":{"start":{"line":27,"column":8},"end":{"line":29,"column":2}},"20":{"start":{"line":28,"column":2},"end":{"line":28,"column":26}},"21":{"start":{"line":31,"column":24},"end":{"line":31,"column":46}},"22":{"start":{"line":32,"column":22},"end":{"line":32,"column":57}},"23":{"start":{"line":34,"column":1},"end":{"line":43,"column":2}},"24":{"start":{"line":35,"column":2},"end":{"line":35,"column":38}},"25":{"start":{"line":36,"column":2},"end":{"line":36,"column":62}},"26":{"start":{"line":38,"column":2},"end":{"line":40,"column":3}},"27":{"start":{"line":39,"column":3},"end":{"line":39,"column":20}},"28":{"start":{"line":42,"column":2},"end":{"line":42,"column":62}},"29":{"start":{"line":45,"column":17},"end":{"line":45,"column":39}},"30":{"start":{"line":47,"column":1},"end":{"line":51,"column":2}},"31":{"start":{"line":48,"column":2},"end":{"line":50,"column":3}},"32":{"start":{"line":49,"column":3},"end":{"line":49,"column":9}},"33":{"start":{"line":53,"column":23},"end":{"line":53,"column":50}},"34":{"start":{"line":54,"column":1},"end":{"line":54,"column":38}},"35":{"start":{"line":56,"column":1},"end":{"line":58,"column":2}},"36":{"start":{"line":57,"column":2},"end":{"line":57,"column":48}},"37":{"start":{"line":61,"column":0},"end":{"line":63,"column":2}}},"fnMap":{"0":{"name":"(anonymous_0)","decl":{"start":{"line":9,"column":29},"end":{"line":9,"column":30}},"loc":{"start":{"line":9,"column":49},"end":{"line":13,"column":1}},"line":9},"1":{"name":"(anonymous_1)","decl":{"start":{"line":15,"column":24},"end":{"line":15,"column":25}},"loc":{"start":{"line":15,"column":48},"end":{"line":22,"column":1}},"line":15},"2":{"name":"(anonymous_2)","decl":{"start":{"line":24,"column":12},"end":{"line":24,"column":13}},"loc":{"start":{"line":24,"column":90},"end":{"line":59,"column":1}},"line":24}},"branchMap":{"0":{"loc":{"start":{"line":10,"column":1},"end":{"line":12,"column":2}},"type":"if","locations":[{"start":{"line":10,"column":1},"end":{"line":12,"column":2}},{"start":{"line":10,"column":1},"end":{"line":12,"column":2}}],"line":10},"1":{"loc":{"start":{"line":16,"column":29},"end":{"line":16,"column":98}},"type":"cond-expr","locations":[{"start":{"line":16,"column":52},"end":{"line":16,"column":70}},{"start":{"line":16,"column":73},"end":{"line":16,"column":98}}],"line":16},"2":{"loc":{"start":{"line":25,"column":1},"end":{"line":29,"column":2}},"type":"if","locations":[{"start":{"line":25,"column":1},"end":{"line":29,"column":2}},{"start":{"line":25,"column":1},"end":{"line":29,"column":2}}],"line":25},"3":{"loc":{"start":{"line":25,"column":5},"end":{"line":25,"column":42}},"type":"binary-expr","locations":[{"start":{"line":25,"column":5},"end":{"line":25,"column":12}},{"start":{"line":25,"column":16},"end":{"line":25,"column":42}}],"line":25},"4":{"loc":{"start":{"line":27,"column":8},"end":{"line":29,"column":2}},"type":"if","locations":[{"start":{"line":27,"column":8},"end":{"line":29,"column":2}},{"start":{"line":27,"column":8},"end":{"line":29,"column":2}}],"line":27},"5":{"loc":{"start":{"line":38,"column":2},"end":{"line":40,"column":3}},"type":"if","locations":[{"start":{"line":38,"column":2},"end":{"line":40,"column":3}},{"start":{"line":38,"column":2},"end":{"line":40,"column":3}}],"line":38},"6":{"loc":{"start":{"line":47,"column":1},"end":{"line":51,"column":2}},"type":"if","locations":[{"start":{"line":47,"column":1},"end":{"line":51,"column":2}},{"start":{"line":47,"column":1},"end":{"line":51,"column":2}}],"line":47},"7":{"loc":{"start":{"line":47,"column":5},"end":{"line":47,"column":48}},"type":"binary-expr","locations":[{"start":{"line":47,"column":5},"end":{"line":47,"column":19}},{"start":{"line":47,"column":23},"end":{"line":47,"column":48}}],"line":47},"8":{"loc":{"start":{"line":48,"column":2},"end":{"line":50,"column":3}},"type":"if","locations":[{"start":{"line":48,"column":2},"end":{"line":50,"column":3}},{"start":{"line":48,"column":2},"end":{"line":50,"column":3}}],"line":48},"9":{"loc":{"start":{"line":48,"column":6},"end":{"line":48,"column":160}},"type":"binary-expr","locations":[{"start":{"line":48,"column":7},"end":{"line":48,"column":46}},{"start":{"line":48,"column":51},"end":{"line":48,"column":160}}],"line":48},"10":{"loc":{"start":{"line":56,"column":1},"end":{"line":58,"column":2}},"type":"if","locations":[{"start":{"line":56,"column":1},"end":{"line":58,"column":2}},{"start":{"line":56,"column":1},"end":{"line":58,"column":2}}],"line":56}},"s":{"0":1,"1":1,"2":1,"3":1,"4":1,"5":1,"6":1,"7":1,"8":0,"9":0,"10":1,"11":0,"12":0,"13":0,"14":0,"15":0,"16":1,"17":0,"18":0,"19":0,"20":0,"21":0,"22":0,"23":0,"24":0,"25":0,"26":0,"27":0,"28":0,"29":0,"30":0,"31":0,"32":0,"33":0,"34":0,"35":0,"36":0,"37":1},"f":{"0":0,"1":0,"2":0},"b":{"0":[0,0],"1":[0,0],"2":[0,0],"3":[0,0],"4":[0,0],"5":[0,0],"6":[0,0],"7":[0,0],"8":[0,0],"9":[0,0],"10":[0,0]},"_coverageSchema":"43e27e138ebf9cfc5966b082cf9a028302ed4184","hash":"27d8ce4fbad53c535aa8af05c3d6881a08cdea46","contentHash":"baf07a4560bd41d4ee700e807c8e2f2766f86fd4d4b6cdf02f245884814539aa"},"/Users/desimiramitkova/Projects/etherlime/packages/etherlime/logs-store/logs-store.js":{"path":"/Users/desimiramitkova/Projects/etherlime/packages/etherlime/logs-store/logs-store.js","statementMap":{"0":{"start":{"line":1,"column":24},"end":{"line":1,"column":56}},"1":{"start":{"line":3,"column":19},"end":{"line":3,"column":39}},"2":{"start":{"line":12,"column":2},"end":{"line":12,"column":72}},"3":{"start":{"line":14,"column":18},"end":{"line":14,"column":35}},"4":{"start":{"line":15,"column":2},"end":{"line":15,"column":41}},"5":{"start":{"line":16,"column":2},"end":{"line":16,"column":25}},"6":{"start":{"line":23,"column":2},"end":{"line":25,"column":3}},"7":{"start":{"line":24,"column":3},"end":{"line":24,"column":10}},"8":{"start":{"line":26,"column":24},"end":{"line":28,"column":3}},"9":{"start":{"line":29,"column":2},"end":{"line":29,"column":57}},"10":{"start":{"line":30,"column":2},"end":{"line":30,"column":24}},"11":{"start":{"line":31,"column":2},"end":{"line":31,"column":8}},"12":{"start":{"line":38,"column":2},"end":{"line":38,"column":35}},"13":{"start":{"line":45,"column":2},"end":{"line":45,"column":50}},"14":{"start":{"line":52,"column":18},"end":{"line":52,"column":35}},"15":{"start":{"line":53,"column":2},"end":{"line":53,"column":59}},"16":{"start":{"line":68,"column":2},"end":{"line":70,"column":3}},"17":{"start":{"line":69,"column":3},"end":{"line":69,"column":10}},"18":{"start":{"line":72,"column":14},"end":{"line":72,"column":24}},"19":{"start":{"line":73,"column":17},"end":{"line":83,"column":3}},"20":{"start":{"line":85,"column":24},"end":{"line":85,"column":54}},"21":{"start":{"line":86,"column":2},"end":{"line":86,"column":37}},"22":{"start":{"line":87,"column":2},"end":{"line":87,"column":58}},"23":{"start":{"line":97,"column":2},"end":{"line":97,"column":9}},"24":{"start":{"line":101,"column":2},"end":{"line":
[...]
2,"column":18},"end":{"line":42,"column":55}},"28":{"start":{"line":43,"column":19},"end":{"line":43,"column":60}},"29":{"start":{"line":44,"column":15},"end":{"line":44,"column":61}},"30":{"start":{"line":45,"column":16},"end":{"line":45,"column":41}},"31":{"start":{"line":46,"column":14},"end":{"line":46,"column":45}},"32":{"start":{"line":47,"column":2},"end":{"line":47,"column":144}},"33":{"start":{"line":48,"column":2},"end":{"line":48,"column":152}},"34":{"start":{"line":52,"column":0},"end":{"line":55,"column":1}}},"fnMap":{"0":{"name":"(anonymous_0)","decl":{"start":{"line":9,"column":12},"end":{"line":9,"column":13}},"loc":{"start":{"line":9,"column":24},"end":{"line":15,"column":1}},"line":9},"1":{"name":"(anonymous_1)","decl":{"start":{"line":17,"column":16},"end":{"line":17,"column":17}},"loc":{"start":{"line":17,"column":44},"end":{"line":29,"column":1}},"line":17},"2":{"name":"(anonymous_2)","decl":{"start":{"line":18,"column":20},"end":{"line":18,"column":21}},"loc":{"start":{"line":18,"column":41},"end":{"line":28,"column":2}},"line":18},"3":{"name":"(anonymous_3)","decl":{"start":{"line":19,"column":30},"end":{"line":19,"column":31}},"loc":{"start":{"line":19,"column":52},"end":{"line":27,"column":3}},"line":19},"4":{"name":"(anonymous_4)","decl":{"start":{"line":23,"column":24},"end":{"line":23,"column":25}},"loc":{"start":{"line":23,"column":40},"end":{"line":25,"column":4}},"line":23},"5":{"name":"(anonymous_5)","decl":{"start":{"line":31,"column":40},"end":{"line":31,"column":41}},"loc":{"start":{"line":31,"column":56},"end":{"line":36,"column":1}},"line":31},"6":{"name":"(anonymous_6)","decl":{"start":{"line":38,"column":27},"end":{"line":38,"column":28}},"loc":{"start":{"line":38,"column":59},"end":{"line":50,"column":1}},"line":38}},"branchMap":{"0":{"loc":{"start":{"line":20,"column":3},"end":{"line":22,"column":4}},"type":"if","locations":[{"start":{"line":20,"column":3},"end":{"line":22,"column":4}},{"start":{"line":20,"column":3},"end":{"line":22,"column":4}}],"line":20},"1":{"loc":{"start":{"line":24,"column":11},"end":{"line":24,"column":73}},"type":"binary-expr","locations":[{"start":{"line":24,"column":11},"end":{"line":24,"column":40}},{"start":{"line":24,"column":44},"end":{"line":24,"column":73}}],"line":24},"2":{"loc":{"start":{"line":32,"column":1},"end":{"line":35,"column":2}},"type":"if","locations":[{"start":{"line":32,"column":1},"end":{"line":35,"column":2}},{"start":{"line":32,"column":1},"end":{"line":35,"column":2}}],"line":32}},"s":{"0":1,"1":1,"2":1,"3":1,"4":1,"5":1,"6":1,"7":0,"8":0,"9":0,"10":0,"11":1,"12":0,"13":0,"14":0,"15":0,"16":0,"17":0,"18":0,"19":1,"20":0,"21":0,"22":0,"23":1,"24":0,"25":0,"26":0,"27":0,"28":0,"29":0,"30":0,"31":0,"32":0,"33":0,"34":1},"f":{"0":0,"1":0,"2":0,"3":0,"4":0,"5":0,"6":0},"b":{"0":[0,0],"1":[0,0],"2":[0,0]},"_coverageSchema":"43e27e138ebf9cfc5966b082cf9a028302ed4184","hash":"94276eac049ba76ad4681c800c713c9d3bc9985a","contentHash":"eb310e4e9c34049324f2ba75a8bc4e9a392cec7f0613432d41fd61e02d3aead8"},"/Users/desimiramitkova/Projects/etherlime/packages/etherlime/cli-commands/zk-proof/generate-proof.js":{"path":"/Users/desimiramitkova/Projects/etherlime/packages/etherlime/cli-commands/zk-proof/generate-proof.js","statementMap":{"0":{"start":{"line":1,"column":16},"end":{"line":1,"column":34}},"1":{"start":{"line":2,"column":11},"end":{"line":2,"column":24}},"2":{"start":{"line":3,"column":12},"end":{"line":3,"column":31}},"3":{"start":{"line":4,"column":13},"end":{"line":4,"column":28}},"4":{"start":{"line":6,"column":27},"end":{"line":6,"column":67}},"5":{"start":{"line":7,"column":25},"end":{"line":7,"column":63}},"6":{"start":{"line":8,"column":29},"end":{"line":8,"column":71}},"7":{"start":{"line":9,"column":25},"end":{"line":9,"column":55}},"8":{"start":{"line":11,"column":12},"end":{"line":22,"column":1}},"9":{"start":{"line":12,"column":25},"end":{"line":12,"column":87}},"10":{"start":{"line":13,"column":21},"end":{"line":13,"column":78}},"11":{"start":{"line":14,"column":20},"end":{"line":14,"column":101}},"12":{"start":{"line":16,"column":1},"end":{"line":16,"column":41}},"13":{"start":{"line":18,"column":17},"end":{"line":18,"column":63}},"14":{"start":{"line":19,"column":1},"end":{"line":19,"column":45}},"15":{"start":{"line":20,"column":1},"end":{"line":20,"column":48}},"16":{"start":{"line":24,"column":28},"end":{"line":29,"column":1}},"17":{"start":{"line":25,"column":1},"end":{"line":28,"column":2}},"18":{"start":{"line":26,"column":2},"end":{"line":26,"column":54}},"19":{"start":{"line":27,"column":2},"end":{"line":27,"column":27}},"20":{"start":{"line":31,"column":25},"end":{"line":35,"column":1}},"21":{"start":{"line":32,"column":17},"end":{"line":32,"column":53}},"22":{"start":{"line":33,"column":17},"end":{"line":33,"column":49}},"23":{"start":{"line":34,"column":1},"end":{"line":34,"column":16}},"24":{"start":{"line":37,"column":22},"end":{"line":46,"column":1}},"25":{"start":{"line":38,"column":1},"end":{"line":38,"column":45}},"26":{"start":{"line":39,"column":21},"end":{"line":39,"column":67}},"27":{"start":{"line":41,"column":17},"end":{"line":41,"column":46}},"28":{"start":{"line":42,"column":18},"end":{"line":42,"column":51}},"29":{"start":{"line":43,"column":1},"end":{"line":43,"column":146}},"30":{"start":{"line":44,"column":1},"end":{"line":44,"column":163}},"31":{"start":{"line":48,"column":0},"end":{"line":50,"column":1}}},"fnMap":{"0":{"name":"(anonymous_0)","decl":{"start":{"line":11,"column":12},"end":{"line":11,"column":13}},"loc":{"start":{"line":11,"column":43},"end":{"line":22,"column":1}},"line":11},"1":{"name":"(anonymous_1)","decl":{"start":{"line":24,"column":28},"end":{"line":24,"column":29}},"loc":{"start":{"line":24,"column":44},"end":{"line":29,"column":1}},"line":24},"2":{"name":"(anonymous_2)","decl":{"start":{"line":31,"column":25},"end":{"line":31,"column":26}},"loc":{"start":{"line":31,"column":54},"end":{"line":35,"column":1}},"line":31},"3":{"name":"(anonymous_3)","decl":{"start":{"line":37,"column":22},"end":{"line":37,"column":23}},"loc":{"start":{"line":37,"column":56},"end":{"line":46,"column":1}},"line":37}},"branchMap":{"0":{"loc":{"start":{"line":25,"column":1},"end":{"line":28,"column":2}},"type":"if","locations":[{"start":{"line":25,"column":1},"end":{"line":28,"column":2}},{"start":{"line":25,"column":1},"end":{"line":28,"column":2}}],"line":25}},"s":{"0":1,"1":1,"2":1,"3":1,"4":1,"5":1,"6":1,"7":1,"8":1,"9":0,"10":0,"11":0,"12":0,"13":0,"14":0,"15":0,"16":1,"17":0,"18":0,"19":0,"20":1,"21":0,"22":0,"23":0,"24":1,"25":0,"26":0,"27":0,"28":0,"29":0,"30":0,"31":1},"f":{"0":0,"1":0,"2":0,"3":0},"b":{"0":[0,0]},"_coverageSchema":"43e27e138ebf9cfc5966b082cf9a028302ed4184","hash":"d6554a61efd7777e856ad1cacf113a469e413191","contentHash":"f0b39cc522571e556f7d012bd3c70ae128d933efa0233fb47865d25f287da69a"},"/Users/desimiramitkova/Projects/etherlime/packages/etherlime/cli-commands/zk-proof/verify-proof.js":{"path":"/Users/desimiramitkova/Projects/etherlime/packages/etherlime/cli-commands/zk-proof/verify-proof.js","statementMap":{"0":{"start":{"line":1,"column":16},"end":{"line":1,"column":34}},"1":{"start":{"line":2,"column":11},"end":{"line":2,"column":24}},"2":{"start":{"line":3,"column":12},"end":{"line":3,"column":31}},"3":{"start":{"line":4,"column":13},"end":{"line":4,"column":28}},"4":{"start":{"line":6,"column":27},"end":{"line":6,"column":67}},"5":{"start":{"line":7,"column":25},"end":{"line":7,"column":63}},"6":{"start":{"line":8,"column":22},"end":{"line":8,"column":61}},"7":{"start":{"line":10,"column":12},"end":{"line":19,"column":1}},"8":{"start":{"line":11,"column":23},"end":{"line":11,"column":83}},"9":{"start":{"line":12,"column":24},"end":{"line":12,"column":112}},"10":{"start":{"line":13,"column":21},"end":{"line":13,"column":102}},"11":{"start":{"line":15,"column":1},"end":{"line":15,"column":36}},"12":{"start":{"line":17,"column":1},"end":{"line":17,"column":63}},"13":{"start":{"line":18,"column":1},"end":{"line":18,"column":74}},"14":{"start":{"line":21,"column":28},"end":{"line":26,"column":1}},"15":{"start":{"line":22,"column":1},"end":{"line":25,"column":2}},"16":{"start":{"line":23,"column":2},"end":{"line":23,"column":57}},"17":{"start":{"line":24,"column":2},"end":{"line":24,"column":27}},"18":{"start":{"line":28,"column":20},"end":{"line":38,"column":1}},"19":{"start":{"line":29,"column":1},"end":{"line":29,"column":44}},"20":{"start":{"line":30,"column":18},"end":{"line":30,"column":92}},"21":{"start":{"line":31,"column":19},"end":{"line":31,"column":39}},"22":{"start":{"line":32,"column":16},"end":{"line":35,"column":2}},"23":{"start":{"line":37,"column":1},"end":{"line":37,"column":91}},"24":{"start":{"line":40,"column":0},"end":{"line":42,"column":1}}},"fnMap":{"0":{"name":"(anonymous_0)","decl":{"start":{"line":10,"column":12},"end":{"line":10,"column":13}},"loc":{"start":{"line":10,"column":42},"end":{"line":19,"column":1}},"line":10},"1":{"name":"(anonymous_1)","decl":{"start":{"line":21,"column":28},"end":{"line":21,"column":29}},"loc":{"start":{"line":21,"column":44},"end":{"line":26,"column":1}},"line":21},"2":{"name":"(anonymous_2)","decl":{"start":{"line":28,"column":20},"end":{"line":28,"column":21}},"loc":{"start":{"line":28,"column":74},"end":{"line":38,"column":1}},"line":28}},"branchMap":{"0":{"loc":{"start":{"line":22,"column":1},"end":{"line":25,"column":2}},"type":"if","locations":[{"start":{"line":22,"column":1},"end":{"line":25,"column":2}},{"start":{"line":22,"column":1},"end":{"line":25,"column":2}}],"line":22}},"s":{"0":1,"1":1,"2":1,"3":1,"4":1,"5":1,"6":1,"7":1,"8":0,"9":0,"10":0,"11":0,"12":0,"13":0,"14":1,"15":0,"16":0,"17":0,"18":1,"19":0,"20":0,"21":0,"22":0,"23":0,"24":1},"f":{"0":0,"1":0,"2":0},"b":{"0":[0,0]},"_coverageSchema":"43e27e138ebf9cfc5966b082cf9a028302ed4184","hash":"7b065a2fbeb5c40c328d4a64b7a4b57402a9dd08","contentHash":"31aefd529d4bd0facc569649bace1e2e3069f985cf7287b45a40bb1d9f85f163"},"/Users/desimiramitkova/Projects/etherlime/packages/etherlime/cli-commands/zk-proof/generate-verify.js":{"path":"/Users/desimiramitkova/Projects/etherlime/packages/etherlime/cli-commands/zk-proof/generate-verify.js","statementMap":{"0":{"start":{"line":1,"column":16},"end":{"line":1,"column":34}},"1":{"start":{"line":2,"column":11},"end":{"line":2,"column":24}},"2":{"start":{"line":3,"column":12},"end":{"line":3,"column":31}},"3":{"start":{"line":4,"column":13},"end":{"line":4,"column":28}},"4":{"start":{"line":6,"column":25},"end":{"line":6,"column":63}},"5":{"start":{"line":7,"column":22},"end":{"line":7,"column":35}},"6":{"start":{"line":9,"column":12},"end":{"line":15,"column":1}},"7":{"start":{"line":10,"column":1},"end":{"line":10,"column":77}},"8":{"start":{"line":11,"column":21},"end":{"line":11,"column":102}},"9":{"start":{"line":12,"column":18},"end":{"line":12,"column":55}},"10":{"start":{"line":13,"column":1},"end":{"line":13,"column":61}},"11":{"start":{"line":14,"column":1},"end":{"line":14,"column":100}},"12":{"start":{"line":17,"column":0},"end":{"line":19,"column":1}}},"fnMap":{"0":{"name":"(anonymous_0)","decl":{"start":{"line":9,"column":12},"end":{"line":9,"column":13}},"loc":{"start":{"line":9,"column":26},"end":{"line":15,"column":1}},"line":9}},"branchMap":{},"s":{"0":1,"1":1,"2":1,"3":1,"4":1,"5":1,"6":1,"7":0,"8":0,"9":0,"10":0,"11":0,"12":1},"f":{"0":0},"b":{},"_coverageSchema":"43e27e138ebf9cfc5966b082cf9a028302ed4184","hash":"57f0fc8338478bd642663582cbc300e7d8d5c73f","contentHash":"f224ed3a98555066b33ec8dcd3a6dc4151cfa047c49350595d5ef44b142332f5"},"/Users/desimiramitkova/Projects/etherlime/packages/etherlime/cli-commands/zk-proof/generate-call.js":{"path":"/Users/desimiramitkova/Projects/etherlime/packages/etherlime/cli-commands/zk-proof/generate-call.js","statementMap":{"0":{"start":{"line":1,"column":16},"end":{"line":1,"column":34}},"1":{"start":{"line":2,"column":11},"end":{"line":2,"column":24}},"2":{"start":{"line":4,"column":27},"end":{"line":4,"column":67}},"3":{"start":{"line":5,"column":26},"end":{"line":5,"column":65}},"4":{"start":{"line":7,"column":12},"end":{"line":20,"column":1}},"5":{"start":{"line":8,"column":23},"end":{"line":8,"column":83}},"6":{"start":{"line":9,"column":24},"end":{"line":9,"column":112}},"7":{"start":{"line":11,"column":1},"end":{"line":11,"column":45}},"8":{"start":{"line":13,"column":23},"end":{"line":13,"column":80}},"9":{"start":{"line":16,"column":1},"end":{"line":16,"column":102}},"10":{"start":{"line":17,"column":1},"end":{"line":17,"column":53}},"11":{"start":{"line":18,"column":1},"end":{"line":18,"column":43}},"12":{"start":{"line":19,"column":1},"end":{"line":19,"column":27}},"13":{"start":{"line":22,"column":33},"end":{"line":27,"column":1}},"14":{"start":{"line":23,"column":1},"end":{"line":26,"column":2}},"15":{"start":{"line":24,"column":2},"end":{"line":24,"column":60}},"16":{"start":{"line":25,"column":2},"end":{"line":25,"column":27}},"17":{"start":{"line":29,"column":0},"end":{"line":31,"column":1}}},"fnMap":{"0":{"name":"(anonymous_0)","decl":{"start":{"line":7,"column":12},"end":{"line":7,"column":13}},"loc":{"start":{"line":7,"column":38},"end":{"line":20,"column":1}},"line":7},"1":{"name":"(anonymous_1)","decl":{"start":{"line":22,"column":33},"end":{"line":22,"column":34}},"loc":{"start":{"line":22,"column":49},"end":{"line":27,"column":1}},"line":22}},"branchMap":{"0":{"loc":{"start":{"line":23,"column":1},"end":{"line":26,"column":2}},"type":"if","locations":[{"start":{"line":23,"column":1},"end":{"line":26,"column":2}},{"start":{"line":23,"column":1},"end":{"line":26,"column":2}}],"line":23}},"s":{"0":1,"1":1,"2":1,"3":1,"4":1,"5":0,"6":0,"7":0,"8":0,"9":0,"10":0,"11":0,"12":0,"13":1,"14":0,"15":0,"16":0,"17":1},"f":{"0":0,"1":0},"b":{"0":[0,0]},"_coverageSchema":"43e27e138ebf9cfc5966b082cf9a028302ed4184","hash":"734cf9d3a5c5d834d45ae44335d2396a29d24725","contentHash":"1e7c6229f250028272c1f7e619d1c9b8ec67bff08db38d2bbb140ebc84eb3be1"},"/Users/desimiramitkova/Projects/etherlime/packages/etherlime/cli-commands/etherlime-ide/etherlime-ide.js":{"path":"/Users/desimiramitkova/Projects/etherlime/packages/etherlime/cli-commands/etherlime-ide/etherlime-ide.js","statementMap":{"0":{"start":{"line":1,"column":11},"end":{"line":1,"column":30}},"1":{"start":{"line":2,"column":13},"end":{"line":2,"column":28}},"2":{"start":{"line":3,"column":12},"end":{"line":3,"column":43}},"3":{"start":{"line":4,"column":13},"end":{"line":4,"column":28}},"4":{"start":{"line":5,"column":13},"end":{"line":5,"column":58}},"5":{"start":{"line":6,"column":14},"end":{"line":6,"column":44}},"6":{"start":{"line":8,"column":19},"end":{"line":8,"column":86}},"7":{"start":{"line":9,"column":18},"end":{"line":9,"column":32}},"8":{"start":{"line":10,"column":21},"end":{"line":10,"column":60}},"9":{"start":{"line":12,"column":24},"end":{"line":12,"column":37}},"10":{"start":{"line":14,"column":12},"end":{"line":18,"column":1}},"11":{"start":{"line":15,"column":27},"end":{"line":15,"column":39}},"12":{"start":{"line":16,"column":4},"end":{"line":16,"column":41}},"13":{"start":{"line":17,"column":4},"end":{"line":17,"column":40}},"14":{"start":{"line":21,"column":19},"end":{"line":24,"column":1}},"15":{"start":{"line":22,"column":21},"end":{"line":22,"column":42}},"16":{"start":{"line":23,"column":4},"end":{"line":23,"column":39}},"17":{"start":{"line":27,"column":21},"end":{"line":46,"column":1}},"18":{"start":{"line":29,"column":4},"end":{"line":40,"column":5}},"19":{"start":{"line":30,"column":8},"end":{"line":30,"column":49}},"20":{"start":{"line":31,"column":8},"end":{"line":35,"column":9}},"21":{"start":{"line":32,"column":12},"end":{"line":32,"column":72}},"22":{"start":{"line":33,"column":12},"end":{"line":33,"column":46}},"23":{"start":{"line":37,"column":8},"end":{"line":37,"column":50}},"24":{"start":{"line":38,"column":8},"end":{"line":38,"column":33}},"25":{"start":{"line":39,"column":8},"end":{"line":39,"column":14}},"26":{"start":{"line":42,"column":4},"end":{"line":42,"column":49}},"27":{"start":{"line":43,"column":4},"end":{"line":43,"column":69}},"28":{"start":{"line":44,"column":4},"end":{"line":44,"column":65}},"29":{"start":{"line":45,"column":4},"end":{"line":45,"column":30}},"30":{"start":{"line":48,"column":26},"end":{"line":51,"column":1}},"31":{"start":{"line":49,"column":4},"end":{"line":49,"column":55}},"32":{"start":{"line":50,"column":4},"end":{"line":50,"column":29}},"33":{"start":{"line":53,"column":15},"end":{"line":72,"column":1}},"34":{"start":{"line":54,"column":4},"end":{"line":54,"column":45}},"35":{"start":{"line":55,"column":4},"end":{"line":57,"column":5}},"36":{"start":{"line":56,"column":8},"end":{"line":56,"column":56}},"37":{"start":{"line":58,"column":4},"end":{"line":58,"column":37}},"38":{"start":{"line":59,"column":4},"end":{"line":59,"column":47}},"39":{"start":{"line":60,"column":23},"end":{"line":60,"column":65}},"40":{"start":{"line":61,"column":21},"end":{"line":61,"column":117}},"41":{"start":{"line":64,"column":4},"end":{"line":66,"column":7}},"42":{"start":{"line":65,"column":8},"end":{"line":65,"column":43}},"43":{"start":{"line":68,"column":4},"end":{"line":70,"column":7}},"44":{"start":{"line":69,"column":8},"end":{"line":69,"column":39}},"45":{"start":{"line":74,"column":32},"end":{"line":76,"column":1}},"46":{"start":{"line":75,"column":4},"end":{"line":75,"column":28}},"47":{"start":{"line":79,"column":0},"end":{"line":79,"column":23}}},"fnMap":{"0":{"name":"(anonymous_0)","decl":{"start":{"line":14,"column":12},"end":{"line":14,"column":13}},"loc":{"start":{"line":14,"column":28},"end":{"line":18,"column":1}},"line":14},"1":{"name":"(anonymous_1)","decl":{"start":{"line":21,"column":19},"end":{"line":21,"column":20}},"loc":{"start":{"line":21,"column":25},"end":{"line":24,"column":1}},"line":21},"2":{"name":"(anonymous_2)","decl":{"start":{"line":27,"column":21},"end":{"line":27,"column":22}},"loc":{"start":{"line":27,"column":40},"end":{"line":46,"column":1}},"line":27},"3":{"name":"(anonymous_3)","decl":{"start":{"line":48,"column":26},"end":{"line":48,"column":27}},"loc":{"start":{"line":48,"column":38},"end":{"line":51,"column":1}},"line":48},"4":{"name":"(anonymous_4)","decl":{"start":{"line":53,"column":15},"end":{"line":53,"column":16}},"loc":{"start":{"line":53,"column":40},"end":{"line":72,"column":1}},"line":53},"5":{"name":"(anonymous_5)","decl":{"start":{"line":64,"column":33},"end":{"line":64,"column":34}},"loc":{"start":{"line":64,"column":43},"end":{"line":66,"column":5}},"line":64},"6":{"name":"(anonymous_6)","decl":{"start":{"line":68,"column":33},"end":{"line":68,"column":34}},"loc":{"start":{"line":68,"column":43},"end":{"line":70,"column":5}},"line":68},"7":{"name":"(anonymous_7)","decl":{"start":{"line":74,"column":32},"end":{"line":74,"column":33}},"loc":{"start":{"line":74,"column":41},"end":{"line":76,"column":1}},"line":74}},"branchMap":{"0":{"loc":{"start":{"line":29,"column":4},"end":{"line":40,"column":5}},"type":"if","locations":[{"start":{"line":29,"column":4},"end":{"line":40,"column":5}},{"start":{"line":29,"column":4},"end":{"line":40,"column":5}}],"line":29},"1":{"loc":{"start":{"line":55,"column":4},"end":{"line":57,"column":5}},"type":"if","locations":[{"start":{"line":55,"column":4},"end":{"line":57,"column":5}},{"start":{"line":55,"column":4},"end":{"line":57,"column":5}}],"line":55}},"s":{"0":1,"1":1,"2":1,"3":1,"4":1,"5":1,"6":1,"7":1,"8":1,"9":1,"10":1,"11":0,"12":0,"13":0,"14":1,"15":0,"16":0,"17":1,"18":0,"19":0,"20":0,"21":0,"22":0,"23":0,"24":0,"25":0,"26":0,"27":0,"28":0,"29":0,"30":1,"31":0,"32":0,"33":1,"34":0,"35":0,"36":0,"37":0,"38":0,"39":0,"40":0,"41":0,"42":0,"43":0,"44":0,"45":1,"46":0,"47":1},"f":{"0":0,"1":0,"2":0,"3":0,"4":0,"5":0,"6":0,"7":0},"b":{"0":[0,0],"1":[0,0]},"_coverageSchema":"43e27e138ebf9cfc5966b082cf9a028302ed4184","hash":"514a03eb57f359ca9f8a05897ede325f1a88e65e","contentHash":"29225f9ec6f4a68118615e2aaa7f3e5236652840616470a9df34a147fcc1f5cb"}}